Watching for file changes with StatReloader
/home/tirth/TIrth/Projects/Shikk Swap Try/skillswap_backend/skillswap_backend/settings.py changed, reloading.
Watching for file changes with StatReloader
/home/tirth/TIrth/Projects/Shikk Swap Try/skillswap_backend/skillswap_backend/settings.py changed, reloading.
Watching for file changes with StatReloader
Watching for file changes with StatReloader
Not Found: /
"GET / HTTP/1.1" 404 7760
Not Found: /admin/
"GET /admin/ HTTP/1.1" 404 7796
/home/tirth/TIrth/Projects/Shikk Swap Try/skillswap_backend/skillswap_backend/urls.py changed, reloading.
Watching for file changes with StatReloader
/home/tirth/TIrth/Projects/Shikk Swap Try/skillswap_backend/skillswap_backend/urls.py changed, reloading.
Watching for file changes with StatReloader
/home/tirth/TIrth/Projects/Shikk Swap Try/skillswap_backend/skillswap_backend/urls.py changed, reloading.
Watching for file changes with StatReloader
"GET /admin/ HTTP/1.1" 302 0
"GET /admin/login/?next=/admin/ HTTP/1.1" 200 4173
"GET /static/admin/css/base.css HTTP/1.1" 304 0
"GET /static/admin/css/dark_mode.css HTTP/1.1" 304 0
"GET /static/admin/css/nav_sidebar.css HTTP/1.1" 304 0
"GET /static/admin/css/login.css HTTP/1.1" 304 0
"GET /static/admin/css/responsive.css HTTP/1.1" 304 0
"GET /static/admin/js/theme.js HTTP/1.1" 304 0
"GET /static/admin/js/nav_sidebar.js HTTP/1.1" 304 0
"POST /admin/login/?next=/admin/ HTTP/1.1" 200 4344
Watching for file changes with StatReloader
"GET /admin/login/?next=/admin/ HTTP/1.1" 200 4173
"GET /static/admin/css/base.css HTTP/1.1" 200 22120
"GET /static/admin/css/dark_mode.css HTTP/1.1" 200 2808
"GET /static/admin/css/nav_sidebar.css HTTP/1.1" 200 2810
"GET /static/admin/js/theme.js HTTP/1.1" 200 1653
"GET /static/admin/css/login.css HTTP/1.1" 200 951
"GET /static/admin/css/responsive.css HTTP/1.1" 200 16565
"GET /static/admin/js/nav_sidebar.js HTTP/1.1" 200 3063
Not Found: /favicon.ico
"GET /favicon.ico HTTP/1.1" 404 7960
"POST /admin/login/?next=/admin/ HTTP/1.1" 302 0
"GET /admin/ HTTP/1.1" 200 6647
"GET /static/admin/css/dashboard.css HTTP/1.1" 304 0
"GET /static/admin/img/icon-addlink.svg HTTP/1.1" 304 0
"GET /static/admin/img/icon-changelink.svg HTTP/1.1" 304 0
/home/tirth/TIrth/Projects/Shikk Swap Try/skillswap_backend/skill_swap/admin.py changed, reloading.
Watching for file changes with StatReloader
"GET /admin/ HTTP/1.1" 200 14790
"GET /admin/skill_swap/adminmessage/ HTTP/1.1" 200 13903
"GET /static/admin/css/changelists.css HTTP/1.1" 304 0
"GET /static/admin/js/jquery.init.js HTTP/1.1" 304 0
"GET /static/admin/js/vendor/jquery/jquery.js HTTP/1.1" 304 0
"GET /static/admin/js/core.js HTTP/1.1" 304 0
"GET /static/admin/js/admin/RelatedObjectLookups.js HTTP/1.1" 304 0
"GET /static/admin/js/actions.js HTTP/1.1" 304 0
"GET /static/admin/js/urlify.js HTTP/1.1" 304 0
"GET /static/admin/js/vendor/xregexp/xregexp.js HTTP/1.1" 304 0
"GET /admin/jsi18n/ HTTP/1.1" 200 3342
"GET /static/admin/js/prepopulate.js HTTP/1.1" 304 0
"GET /static/admin/js/filters.js HTTP/1.1" 304 0
"GET /static/admin/img/tooltag-add.svg HTTP/1.1" 304 0
"GET /admin/skill_swap/adminmessage/add/ HTTP/1.1" 200 17571
"GET /static/admin/css/forms.css HTTP/1.1" 200 8525
"GET /static/admin/js/prepopulate_init.js HTTP/1.1" 200 586
"GET /admin/jsi18n/ HTTP/1.1" 200 3342
"GET /static/admin/img/icon-viewlink.svg HTTP/1.1" 200 581
"GET /static/admin/js/change_form.js HTTP/1.1" 200 606
"GET /static/admin/css/widgets.css HTTP/1.1" 200 11991
"GET /admin/skill_swap/chatmessage/ HTTP/1.1" 200 13896
"GET /admin/jsi18n/ HTTP/1.1" 200 3342
Watching for file changes with StatReloader
"GET /admin/skill_swap/chatmessage/ HTTP/1.1" 200 13896
"GET /admin/jsi18n/ HTTP/1.1" 200 3342
"GET /admin/skill_swap/adminmessage/ HTTP/1.1" 200 13903
"GET /static/admin/css/base.css HTTP/1.1" 304 0
"GET /static/admin/css/dark_mode.css HTTP/1.1" 304 0
"GET /static/admin/css/nav_sidebar.css HTTP/1.1" 304 0
"GET /static/admin/js/theme.js HTTP/1.1" 304 0
"GET /static/admin/css/responsive.css HTTP/1.1" 304 0
"GET /admin/jsi18n/ HTTP/1.1" 200 3342
"GET /static/admin/js/nav_sidebar.js HTTP/1.1" 304 0
"GET /admin/skill_swap/user/ HTTP/1.1" 200 15189
"GET /static/admin/css/changelists.css HTTP/1.1" 304 0
"GET /static/admin/js/vendor/jquery/jquery.js HTTP/1.1" 304 0
"GET /static/admin/js/jquery.init.js HTTP/1.1" 304 0
"GET /static/admin/js/admin/RelatedObjectLookups.js HTTP/1.1" 304 0
"GET /static/admin/js/core.js HTTP/1.1" 304 0
"GET /admin/jsi18n/ HTTP/1.1" 200 3342
"GET /static/admin/js/actions.js HTTP/1.1" 304 0
"GET /static/admin/js/urlify.js HTTP/1.1" 304 0
"GET /admin/skill_swap/user/add/ HTTP/1.1" 200 34191
"GET /static/admin/css/forms.css HTTP/1.1" 304 0
"GET /static/admin/js/vendor/xregexp/xregexp.js HTTP/1.1" 304 0
"GET /static/admin/js/prepopulate.js HTTP/1.1" 304 0
"GET /static/admin/js/admin/DateTimeShortcuts.js HTTP/1.1" 200 19319
"GET /static/admin/js/calendar.js HTTP/1.1" 200 9141
"GET /admin/jsi18n/ HTTP/1.1" 200 3342
"GET /static/admin/js/prepopulate_init.js HTTP/1.1" 304 0
"GET /static/admin/css/widgets.css HTTP/1.1" 304 0
"GET /static/admin/img/icon-addlink.svg HTTP/1.1" 304 0
"GET /static/admin/js/change_form.js HTTP/1.1" 304 0
"GET /static/admin/img/icon-calendar.svg HTTP/1.1" 200 1086
"GET /static/admin/img/icon-clock.svg HTTP/1.1" 200 677
"GET /admin/skill_swap/user/ HTTP/1.1" 200 15189
"GET /admin/skill_swap/meeting/ HTTP/1.1" 200 13863
"GET /static/admin/js/filters.js HTTP/1.1" 304 0
"GET /admin/jsi18n/ HTTP/1.1" 200 3342
"GET /admin/skill_swap/meeting/add/ HTTP/1.1" 200 20044
"GET /static/admin/img/icon-changelink.svg HTTP/1.1" 304 0
"GET /admin/jsi18n/ HTTP/1.1" 200 3342
"GET /static/admin/img/icon-viewlink.svg HTTP/1.1" 304 0
"GET /admin/skill_swap/meeting/ HTTP/1.1" 200 13863
/home/tirth/TIrth/Projects/Shikk Swap Try/skillswap_backend/skill_swap/admin.py changed, reloading.
Watching for file changes with StatReloader
Watching for file changes with StatReloader
Watching for file changes with StatReloader
Not Found: /
"GET / HTTP/1.1" 404 7909
"GET /admin/ HTTP/1.1" 302 0
"GET /admin/login/?next=/admin/ HTTP/1.1" 200 4173
"GET /static/admin/js/theme.js HTTP/1.1" 200 1653
"GET /static/admin/css/base.css HTTP/1.1" 200 22120
"GET /static/admin/css/dark_mode.css HTTP/1.1" 200 2808
"GET /static/admin/css/login.css HTTP/1.1" 200 951
"GET /static/admin/css/nav_sidebar.css HTTP/1.1" 200 2810
"GET /static/admin/css/responsive.css HTTP/1.1" 200 16565
"GET /static/admin/js/nav_sidebar.js HTTP/1.1" 200 3063
"POST /admin/login/?next=/admin/ HTTP/1.1" 302 0
"GET /admin/ HTTP/1.1" 200 14790
"GET /static/admin/css/base.css HTTP/1.1" 304 0
"GET /static/admin/css/nav_sidebar.css HTTP/1.1" 304 0
"GET /static/admin/css/dark_mode.css HTTP/1.1" 304 0
"GET /static/admin/js/theme.js HTTP/1.1" 304 0
"GET /static/admin/css/responsive.css HTTP/1.1" 304 0
"GET /static/admin/css/dashboard.css HTTP/1.1" 200 441
"GET /static/admin/js/nav_sidebar.js HTTP/1.1" 304 0
"GET /static/admin/img/icon-changelink.svg HTTP/1.1" 200 380
"GET /static/admin/img/icon-addlink.svg HTTP/1.1" 200 331
"OPTIONS /profile/ HTTP/1.1" 200 0
"OPTIONS /profile/ HTTP/1.1" 200 0
Unauthorized: /profile/
"GET /profile/ HTTP/1.1" 401 27
Unauthorized: /profile/
"GET /profile/ HTTP/1.1" 401 27
Unauthorized: /profile/
"GET /profile/ HTTP/1.1" 401 27
Unauthorized: /profile/
"GET /profile/ HTTP/1.1" 401 27
Watching for file changes with StatReloader
"GET /admin/skill_swap/user/ HTTP/1.1" 302 0
"GET /admin/login/?next=/admin/skill_swap/user/ HTTP/1.1" 200 4205
"GET /static/admin/css/dark_mode.css HTTP/1.1" 200 2808
"GET /static/admin/css/base.css HTTP/1.1" 200 22120
"GET /static/admin/css/nav_sidebar.css HTTP/1.1" 200 2810
"GET /static/admin/css/login.css HTTP/1.1" 200 951
"GET /static/admin/js/theme.js HTTP/1.1" 200 1653
"GET /static/admin/css/responsive.css HTTP/1.1" 200 16565
"GET /static/admin/js/nav_sidebar.js HTTP/1.1" 200 3063
Not Found: /favicon.ico
"GET /favicon.ico HTTP/1.1" 404 7960
"POST /admin/login/?next=/admin/skill_swap/user/ HTTP/1.1" 302 0
"GET /admin/skill_swap/user/ HTTP/1.1" 200 15189
"GET /admin/jsi18n/ HTTP/1.1" 200 3342
"GET /admin/skill_swap/adminmessage/ HTTP/1.1" 200 13903
"GET /admin/jsi18n/ HTTP/1.1" 200 3342
"GET /admin/skill_swap/chatmessage/ HTTP/1.1" 200 13896
"GET /admin/jsi18n/ HTTP/1.1" 200 3342
"GET /admin/skill_swap/learningmaterial/ HTTP/1.1" 200 13931
"GET /admin/jsi18n/ HTTP/1.1" 200 3342
"GET /admin/skill_swap/meeting/ HTTP/1.1" 200 13863
"GET /admin/jsi18n/ HTTP/1.1" 200 3342
"GET /admin/skill_swap/notification/ HTTP/1.1" 200 13898
"GET /admin/jsi18n/ HTTP/1.1" 200 3342
"GET /admin/skill_swap/rating/ HTTP/1.1" 200 13856
"GET /admin/jsi18n/ HTTP/1.1" 200 3342
"GET /admin/skill_swap/skillcategory/ HTTP/1.1" 200 13912
"GET /admin/jsi18n/ HTTP/1.1" 200 3342
"GET /admin/skill_swap/skill/ HTTP/1.1" 200 13849
"GET /admin/jsi18n/ HTTP/1.1" 200 3342
"GET /admin/skill_swap/swaprequest/ HTTP/1.1" 200 13896
"GET /admin/jsi18n/ HTTP/1.1" 200 3342
Watching for file changes with StatReloader
"GET /admin/ HTTP/1.1" 302 0
"GET /admin/login/?next=/admin/ HTTP/1.1" 200 4173
"GET /static/admin/css/dark_mode.css HTTP/1.1" 200 2808
"GET /static/admin/css/nav_sidebar.css HTTP/1.1" 200 2810
"GET /static/admin/css/login.css HTTP/1.1" 200 951
"GET /static/admin/css/base.css HTTP/1.1" 200 22120
"GET /static/admin/js/theme.js HTTP/1.1" 200 1653
"GET /static/admin/css/responsive.css HTTP/1.1" 200 16565
"GET /static/admin/js/nav_sidebar.js HTTP/1.1" 200 3063
Not Found: /favicon.ico
"GET /favicon.ico HTTP/1.1" 404 7960
"POST /admin/login/?next=/admin/ HTTP/1.1" 302 0
"GET /admin/ HTTP/1.1" 200 14790
"GET /admin/skill_swap/adminmessage/ HTTP/1.1" 200 13903
"GET /admin/jsi18n/ HTTP/1.1" 200 3342
"GET /admin/skill_swap/chatmessage/ HTTP/1.1" 200 13896
"GET /admin/jsi18n/ HTTP/1.1" 200 3342
"GET /admin/skill_swap/learningmaterial/ HTTP/1.1" 200 13931
"GET /admin/jsi18n/ HTTP/1.1" 200 3342
"GET /admin/skill_swap/notification/ HTTP/1.1" 200 13898
"GET /admin/jsi18n/ HTTP/1.1" 200 3342
"GET /admin/skill_swap/user/ HTTP/1.1" 200 15189
"GET /admin/jsi18n/ HTTP/1.1" 200 3342
Watching for file changes with StatReloader
Internal Server Error: /admin/skill_swap/learningmaterial/
Traceback (most recent call last):
  File "/home/tirth/TIrth/Projects/Skill_Swap/Skill-Swap_Access_Denied/venv/lib/python3.12/site-packages/django/db/backends/utils.py", line 105, in _execute
    return self.cursor.execute(sql, params)
           ^^^^^^^^^^^^^^^^^^^^^^^^^^^^^^^^
  File "/home/tirth/TIrth/Projects/Skill_Swap/Skill-Swap_Access_Denied/venv/lib/python3.12/site-packages/django/db/backends/sqlite3/base.py", line 360, in execute
    return super().execute(query, params)
           ^^^^^^^^^^^^^^^^^^^^^^^^^^^^^^
sqlite3.OperationalError: no such table: skill_swap_learningmaterial

The above exception was the direct cause of the following exception:

Traceback (most recent call last):
  File "/home/tirth/TIrth/Projects/Skill_Swap/Skill-Swap_Access_Denied/venv/lib/python3.12/site-packages/django/core/handlers/exception.py", line 55, in inner
    response = get_response(request)
               ^^^^^^^^^^^^^^^^^^^^^
  File "/home/tirth/TIrth/Projects/Skill_Swap/Skill-Swap_Access_Denied/venv/lib/python3.12/site-packages/django/core/handlers/base.py", line 197, in _get_response
    response = wrapped_callback(request, *callback_args, **callback_kwargs)
               ^^^^^^^^^^^^^^^^^^^^^^^^^^^^^^^^^^^^^^^^^^^^^^^^^^^^^^^^^^^^
  File "/home/tirth/TIrth/Projects/Skill_Swap/Skill-Swap_Access_Denied/venv/lib/python3.12/site-packages/django/contrib/admin/options.py", line 719, in wrapper
    return self.admin_site.admin_view(view)(*args, **kwargs)
           ^^^^^^^^^^^^^^^^^^^^^^^^^^^^^^^^^^^^^^^^^^^^^^^^^
  File "/home/tirth/TIrth/Projects/Skill_Swap/Skill-Swap_Access_Denied/venv/lib/python3.12/site-packages/django/utils/decorators.py", line 192, in _view_wrapper
    result = _process_exception(request, e)
             ^^^^^^^^^^^^^^^^^^^^^^^^^^^^^^
  File "/home/tirth/TIrth/Projects/Skill_Swap/Skill-Swap_Access_Denied/venv/lib/python3.12/site-packages/django/utils/decorators.py", line 190, in _view_wrapper
    response = view_func(request, *args, **kwargs)
               ^^^^^^^^^^^^^^^^^^^^^^^^^^^^^^^^^^^
  File "/home/tirth/TIrth/Projects/Skill_Swap/Skill-Swap_Access_Denied/venv/lib/python3.12/site-packages/django/views/decorators/cache.py", line 80, in _view_wrapper
    response = view_func(request, *args, **kwargs)
               ^^^^^^^^^^^^^^^^^^^^^^^^^^^^^^^^^^^
  File "/home/tirth/TIrth/Projects/Skill_Swap/Skill-Swap_Access_Denied/venv/lib/python3.12/site-packages/django/contrib/admin/sites.py", line 246, in inner
    return view(request, *args, **kwargs)
           ^^^^^^^^^^^^^^^^^^^^^^^^^^^^^^
  File "/home/tirth/TIrth/Projects/Skill_Swap/Skill-Swap_Access_Denied/venv/lib/python3.12/site-packages/django/utils/decorators.py", line 48, in _wrapper
    return bound_method(*args, **kwargs)
           ^^^^^^^^^^^^^^^^^^^^^^^^^^^^^
  File "/home/tirth/TIrth/Projects/Skill_Swap/Skill-Swap_Access_Denied/venv/lib/python3.12/site-packages/django/utils/decorators.py", line 192, in _view_wrapper
    result = _process_exception(request, e)
             ^^^^^^^^^^^^^^^^^^^^^^^^^^^^^^
  File "/home/tirth/TIrth/Projects/Skill_Swap/Skill-Swap_Access_Denied/venv/lib/python3.12/site-packages/django/utils/decorators.py", line 190, in _view_wrapper
    response = view_func(request, *args, **kwargs)
               ^^^^^^^^^^^^^^^^^^^^^^^^^^^^^^^^^^^
  File "/home/tirth/TIrth/Projects/Skill_Swap/Skill-Swap_Access_Denied/venv/lib/python3.12/site-packages/django/contrib/admin/options.py", line 2024, in changelist_view
    cl = self.get_changelist_instance(request)
         ^^^^^^^^^^^^^^^^^^^^^^^^^^^^^^^^^^^^^
  File "/home/tirth/TIrth/Projects/Skill_Swap/Skill-Swap_Access_Denied/venv/lib/python3.12/site-packages/django/contrib/admin/options.py", line 867, in get_changelist_instance
    return ChangeList(
           ^^^^^^^^^^^
  File "/home/tirth/TIrth/Projects/Skill_Swap/Skill-Swap_Access_Denied/venv/lib/python3.12/site-packages/django/contrib/admin/views/main.py", line 146, in __init__
    self.get_results(request)
  File "/home/tirth/TIrth/Projects/Skill_Swap/Skill-Swap_Access_Denied/venv/lib/python3.12/site-packages/django/contrib/admin/views/main.py", line 313, in get_results
    result_count = paginator.count
                   ^^^^^^^^^^^^^^^
  File "/home/tirth/TIrth/Projects/Skill_Swap/Skill-Swap_Access_Denied/venv/lib/python3.12/site-packages/django/utils/functional.py", line 47, in __get__
    res = instance.__dict__[self.name] = self.func(instance)
                                         ^^^^^^^^^^^^^^^^^^^
  File "/home/tirth/TIrth/Projects/Skill_Swap/Skill-Swap_Access_Denied/venv/lib/python3.12/site-packages/django/core/paginator.py", line 110, in count
    return c()
           ^^^
  File "/home/tirth/TIrth/Projects/Skill_Swap/Skill-Swap_Access_Denied/venv/lib/python3.12/site-packages/django/db/models/query.py", line 604, in count
    return self.query.get_count(using=self.db)
           ^^^^^^^^^^^^^^^^^^^^^^^^^^^^^^^^^^^
  File "/home/tirth/TIrth/Projects/Skill_Swap/Skill-Swap_Access_Denied/venv/lib/python3.12/site-packages/django/db/models/sql/query.py", line 644, in get_count
    return obj.get_aggregation(using, {"__count": Count("*")})["__count"]
           ^^^^^^^^^^^^^^^^^^^^^^^^^^^^^^^^^^^^^^^^^^^^^^^^^^^
  File "/home/tirth/TIrth/Projects/Skill_Swap/Skill-Swap_Access_Denied/venv/lib/python3.12/site-packages/django/db/models/sql/query.py", line 626, in get_aggregation
    result = compiler.execute_sql(SINGLE)
             ^^^^^^^^^^^^^^^^^^^^^^^^^^^^
  File "/home/tirth/TIrth/Projects/Skill_Swap/Skill-Swap_Access_Denied/venv/lib/python3.12/site-packages/django/db/models/sql/compiler.py", line 1623, in execute_sql
    cursor.execute(sql, params)
  File "/home/tirth/TIrth/Projects/Skill_Swap/Skill-Swap_Access_Denied/venv/lib/python3.12/site-packages/django/db/backends/utils.py", line 122, in execute
    return super().execute(sql, params)
           ^^^^^^^^^^^^^^^^^^^^^^^^^^^^
  File "/home/tirth/TIrth/Projects/Skill_Swap/Skill-Swap_Access_Denied/venv/lib/python3.12/site-packages/django/db/backends/utils.py", line 79, in execute
    return self._execute_with_wrappers(
           ^^^^^^^^^^^^^^^^^^^^^^^^^^^^
  File "/home/tirth/TIrth/Projects/Skill_Swap/Skill-Swap_Access_Denied/venv/lib/python3.12/site-packages/django/db/backends/utils.py", line 92, in _execute_with_wrappers
    return executor(sql, params, many, context)
           ^^^^^^^^^^^^^^^^^^^^^^^^^^^^^^^^^^^^
  File "/home/tirth/TIrth/Projects/Skill_Swap/Skill-Swap_Access_Denied/venv/lib/python3.12/site-packages/django/db/backends/utils.py", line 100, in _execute
    with self.db.wrap_database_errors:
  File "/home/tirth/TIrth/Projects/Skill_Swap/Skill-Swap_Access_Denied/venv/lib/python3.12/site-packages/django/db/utils.py", line 91, in __exit__
    raise dj_exc_value.with_traceback(traceback) from exc_value
  File "/home/tirth/TIrth/Projects/Skill_Swap/Skill-Swap_Access_Denied/venv/lib/python3.12/site-packages/django/db/backends/utils.py", line 105, in _execute
    return self.cursor.execute(sql, params)
           ^^^^^^^^^^^^^^^^^^^^^^^^^^^^^^^^
  File "/home/tirth/TIrth/Projects/Skill_Swap/Skill-Swap_Access_Denied/venv/lib/python3.12/site-packages/django/db/backends/sqlite3/base.py", line 360, in execute
    return super().execute(query, params)
           ^^^^^^^^^^^^^^^^^^^^^^^^^^^^^^
django.db.utils.OperationalError: no such table: skill_swap_learningmaterial
"GET /admin/skill_swap/learningmaterial/ HTTP/1.1" 500 205009
Not Found: /favicon.ico
"GET /favicon.ico HTTP/1.1" 404 7960
Internal Server Error: /admin/skill_swap/learningmaterial/
Traceback (most recent call last):
  File "/home/tirth/TIrth/Projects/Skill_Swap/Skill-Swap_Access_Denied/venv/lib/python3.12/site-packages/django/db/backends/utils.py", line 105, in _execute
    return self.cursor.execute(sql, params)
           ^^^^^^^^^^^^^^^^^^^^^^^^^^^^^^^^
  File "/home/tirth/TIrth/Projects/Skill_Swap/Skill-Swap_Access_Denied/venv/lib/python3.12/site-packages/django/db/backends/sqlite3/base.py", line 360, in execute
    return super().execute(query, params)
           ^^^^^^^^^^^^^^^^^^^^^^^^^^^^^^
sqlite3.OperationalError: no such table: skill_swap_learningmaterial

The above exception was the direct cause of the following exception:

Traceback (most recent call last):
  File "/home/tirth/TIrth/Projects/Skill_Swap/Skill-Swap_Access_Denied/venv/lib/python3.12/site-packages/django/core/handlers/exception.py", line 55, in inner
    response = get_response(request)
               ^^^^^^^^^^^^^^^^^^^^^
  File "/home/tirth/TIrth/Projects/Skill_Swap/Skill-Swap_Access_Denied/venv/lib/python3.12/site-packages/django/core/handlers/base.py", line 197, in _get_response
    response = wrapped_callback(request, *callback_args, **callback_kwargs)
               ^^^^^^^^^^^^^^^^^^^^^^^^^^^^^^^^^^^^^^^^^^^^^^^^^^^^^^^^^^^^
  File "/home/tirth/TIrth/Projects/Skill_Swap/Skill-Swap_Access_Denied/venv/lib/python3.12/site-packages/django/contrib/admin/options.py", line 719, in wrapper
    return self.admin_site.admin_view(view)(*args, **kwargs)
           ^^^^^^^^^^^^^^^^^^^^^^^^^^^^^^^^^^^^^^^^^^^^^^^^^
  File "/home/tirth/TIrth/Projects/Skill_Swap/Skill-Swap_Access_Denied/venv/lib/python3.12/site-packages/django/utils/decorators.py", line 192, in _view_wrapper
    result = _process_exception(request, e)
             ^^^^^^^^^^^^^^^^^^^^^^^^^^^^^^
  File "/home/tirth/TIrth/Projects/Skill_Swap/Skill-Swap_Access_Denied/venv/lib/python3.12/site-packages/django/utils/decorators.py", line 190, in _view_wrapper
    response = view_func(request, *args, **kwargs)
               ^^^^^^^^^^^^^^^^^^^^^^^^^^^^^^^^^^^
  File "/home/tirth/TIrth/Projects/Skill_Swap/Skill-Swap_Access_Denied/venv/lib/python3.12/site-packages/django/views/decorators/cache.py", line 80, in _view_wrapper
    response = view_func(request, *args, **kwargs)
               ^^^^^^^^^^^^^^^^^^^^^^^^^^^^^^^^^^^
  File "/home/tirth/TIrth/Projects/Skill_Swap/Skill-Swap_Access_Denied/venv/lib/python3.12/site-packages/django/contrib/admin/sites.py", line 246, in inner
    return view(request, *args, **kwargs)
           ^^^^^^^^^^^^^^^^^^^^^^^^^^^^^^
  File "/home/tirth/TIrth/Projects/Skill_Swap/Skill-Swap_Access_Denied/venv/lib/python3.12/site-packages/django/utils/decorators.py", line 48, in _wrapper
    return bound_method(*args, **kwargs)
           ^^^^^^^^^^^^^^^^^^^^^^^^^^^^^
  File "/home/tirth/TIrth/Projects/Skill_Swap/Skill-Swap_Access_Denied/venv/lib/python3.12/site-packages/django/utils/decorators.py", line 192, in _view_wrapper
    result = _process_exception(request, e)
             ^^^^^^^^^^^^^^^^^^^^^^^^^^^^^^
  File "/home/tirth/TIrth/Projects/Skill_Swap/Skill-Swap_Access_Denied/venv/lib/python3.12/site-packages/django/utils/decorators.py", line 190, in _view_wrapper
    response = view_func(request, *args, **kwargs)
               ^^^^^^^^^^^^^^^^^^^^^^^^^^^^^^^^^^^
  File "/home/tirth/TIrth/Projects/Skill_Swap/Skill-Swap_Access_Denied/venv/lib/python3.12/site-packages/django/contrib/admin/options.py", line 2024, in changelist_view
    cl = self.get_changelist_instance(request)
         ^^^^^^^^^^^^^^^^^^^^^^^^^^^^^^^^^^^^^
  File "/home/tirth/TIrth/Projects/Skill_Swap/Skill-Swap_Access_Denied/venv/lib/python3.12/site-packages/django/contrib/admin/options.py", line 867, in get_changelist_instance
    return ChangeList(
           ^^^^^^^^^^^
  File "/home/tirth/TIrth/Projects/Skill_Swap/Skill-Swap_Access_Denied/venv/lib/python3.12/site-packages/django/contrib/admin/views/main.py", line 146, in __init__
    self.get_results(request)
  File "/home/tirth/TIrth/Projects/Skill_Swap/Skill-Swap_Access_Denied/venv/lib/python3.12/site-packages/django/contrib/admin/views/main.py", line 313, in get_results
    result_count = paginator.count
                   ^^^^^^^^^^^^^^^
  File "/home/tirth/TIrth/Projects/Skill_Swap/Skill-Swap_Access_Denied/venv/lib/python3.12/site-packages/django/utils/functional.py", line 47, in __get__
    res = instance.__dict__[self.name] = self.func(instance)
                                         ^^^^^^^^^^^^^^^^^^^
  File "/home/tirth/TIrth/Projects/Skill_Swap/Skill-Swap_Access_Denied/venv/lib/python3.12/site-packages/django/core/paginator.py", line 110, in count
    return c()
           ^^^
  File "/home/tirth/TIrth/Projects/Skill_Swap/Skill-Swap_Access_Denied/venv/lib/python3.12/site-packages/django/db/models/query.py", line 604, in count
    return self.query.get_count(using=self.db)
           ^^^^^^^^^^^^^^^^^^^^^^^^^^^^^^^^^^^
  File "/home/tirth/TIrth/Projects/Skill_Swap/Skill-Swap_Access_Denied/venv/lib/python3.12/site-packages/django/db/models/sql/query.py", line 644, in get_count
    return obj.get_aggregation(using, {"__count": Count("*")})["__count"]
           ^^^^^^^^^^^^^^^^^^^^^^^^^^^^^^^^^^^^^^^^^^^^^^^^^^^
  File "/home/tirth/TIrth/Projects/Skill_Swap/Skill-Swap_Access_Denied/venv/lib/python3.12/site-packages/django/db/models/sql/query.py", line 626, in get_aggregation
    result = compiler.execute_sql(SINGLE)
             ^^^^^^^^^^^^^^^^^^^^^^^^^^^^
  File "/home/tirth/TIrth/Projects/Skill_Swap/Skill-Swap_Access_Denied/venv/lib/python3.12/site-packages/django/db/models/sql/compiler.py", line 1623, in execute_sql
    cursor.execute(sql, params)
  File "/home/tirth/TIrth/Projects/Skill_Swap/Skill-Swap_Access_Denied/venv/lib/python3.12/site-packages/django/db/backends/utils.py", line 122, in execute
    return super().execute(sql, params)
           ^^^^^^^^^^^^^^^^^^^^^^^^^^^^
  File "/home/tirth/TIrth/Projects/Skill_Swap/Skill-Swap_Access_Denied/venv/lib/python3.12/site-packages/django/db/backends/utils.py", line 79, in execute
    return self._execute_with_wrappers(
           ^^^^^^^^^^^^^^^^^^^^^^^^^^^^
  File "/home/tirth/TIrth/Projects/Skill_Swap/Skill-Swap_Access_Denied/venv/lib/python3.12/site-packages/django/db/backends/utils.py", line 92, in _execute_with_wrappers
    return executor(sql, params, many, context)
           ^^^^^^^^^^^^^^^^^^^^^^^^^^^^^^^^^^^^
  File "/home/tirth/TIrth/Projects/Skill_Swap/Skill-Swap_Access_Denied/venv/lib/python3.12/site-packages/django/db/backends/utils.py", line 100, in _execute
    with self.db.wrap_database_errors:
  File "/home/tirth/TIrth/Projects/Skill_Swap/Skill-Swap_Access_Denied/venv/lib/python3.12/site-packages/django/db/utils.py", line 91, in __exit__
    raise dj_exc_value.with_traceback(traceback) from exc_value
  File "/home/tirth/TIrth/Projects/Skill_Swap/Skill-Swap_Access_Denied/venv/lib/python3.12/site-packages/django/db/backends/utils.py", line 105, in _execute
    return self.cursor.execute(sql, params)
           ^^^^^^^^^^^^^^^^^^^^^^^^^^^^^^^^
  File "/home/tirth/TIrth/Projects/Skill_Swap/Skill-Swap_Access_Denied/venv/lib/python3.12/site-packages/django/db/backends/sqlite3/base.py", line 360, in execute
    return super().execute(query, params)
           ^^^^^^^^^^^^^^^^^^^^^^^^^^^^^^
django.db.utils.OperationalError: no such table: skill_swap_learningmaterial
"GET /admin/skill_swap/learningmaterial/ HTTP/1.1" 500 205009
Not Found: /favicon.ico
"GET /favicon.ico HTTP/1.1" 404 7960
Internal Server Error: /admin/skill_swap/learningmaterial/
Traceback (most recent call last):
  File "/home/tirth/TIrth/Projects/Skill_Swap/Skill-Swap_Access_Denied/venv/lib/python3.12/site-packages/django/db/backends/utils.py", line 105, in _execute
    return self.cursor.execute(sql, params)
           ^^^^^^^^^^^^^^^^^^^^^^^^^^^^^^^^
  File "/home/tirth/TIrth/Projects/Skill_Swap/Skill-Swap_Access_Denied/venv/lib/python3.12/site-packages/django/db/backends/sqlite3/base.py", line 360, in execute
    return super().execute(query, params)
           ^^^^^^^^^^^^^^^^^^^^^^^^^^^^^^
sqlite3.OperationalError: no such table: skill_swap_learningmaterial

The above exception was the direct cause of the following exception:

Traceback (most recent call last):
  File "/home/tirth/TIrth/Projects/Skill_Swap/Skill-Swap_Access_Denied/venv/lib/python3.12/site-packages/django/core/handlers/exception.py", line 55, in inner
    response = get_response(request)
               ^^^^^^^^^^^^^^^^^^^^^
  File "/home/tirth/TIrth/Projects/Skill_Swap/Skill-Swap_Access_Denied/venv/lib/python3.12/site-packages/django/core/handlers/base.py", line 197, in _get_response
    response = wrapped_callback(request, *callback_args, **callback_kwargs)
               ^^^^^^^^^^^^^^^^^^^^^^^^^^^^^^^^^^^^^^^^^^^^^^^^^^^^^^^^^^^^
  File "/home/tirth/TIrth/Projects/Skill_Swap/Skill-Swap_Access_Denied/venv/lib/python3.12/site-packages/django/contrib/admin/options.py", line 719, in wrapper
    return self.admin_site.admin_view(view)(*args, **kwargs)
           ^^^^^^^^^^^^^^^^^^^^^^^^^^^^^^^^^^^^^^^^^^^^^^^^^
  File "/home/tirth/TIrth/Projects/Skill_Swap/Skill-Swap_Access_Denied/venv/lib/python3.12/site-packages/django/utils/decorators.py", line 192, in _view_wrapper
    result = _process_exception(request, e)
             ^^^^^^^^^^^^^^^^^^^^^^^^^^^^^^
  File "/home/tirth/TIrth/Projects/Skill_Swap/Skill-Swap_Access_Denied/venv/lib/python3.12/site-packages/django/utils/decorators.py", line 190, in _view_wrapper
    response = view_func(request, *args, **kwargs)
               ^^^^^^^^^^^^^^^^^^^^^^^^^^^^^^^^^^^
  File "/home/tirth/TIrth/Projects/Skill_Swap/Skill-Swap_Access_Denied/venv/lib/python3.12/site-packages/django/views/decorators/cache.py", line 80, in _view_wrapper
    response = view_func(request, *args, **kwargs)
               ^^^^^^^^^^^^^^^^^^^^^^^^^^^^^^^^^^^
  File "/home/tirth/TIrth/Projects/Skill_Swap/Skill-Swap_Access_Denied/venv/lib/python3.12/site-packages/django/contrib/admin/sites.py", line 246, in inner
    return view(request, *args, **kwargs)
           ^^^^^^^^^^^^^^^^^^^^^^^^^^^^^^
  File "/home/tirth/TIrth/Projects/Skill_Swap/Skill-Swap_Access_Denied/venv/lib/python3.12/site-packages/django/utils/decorators.py", line 48, in _wrapper
    return bound_method(*args, **kwargs)
           ^^^^^^^^^^^^^^^^^^^^^^^^^^^^^
  File "/home/tirth/TIrth/Projects/Skill_Swap/Skill-Swap_Access_Denied/venv/lib/python3.12/site-packages/django/utils/decorators.py", line 192, in _view_wrapper
    result = _process_exception(request, e)
             ^^^^^^^^^^^^^^^^^^^^^^^^^^^^^^
  File "/home/tirth/TIrth/Projects/Skill_Swap/Skill-Swap_Access_Denied/venv/lib/python3.12/site-packages/django/utils/decorators.py", line 190, in _view_wrapper
    response = view_func(request, *args, **kwargs)
               ^^^^^^^^^^^^^^^^^^^^^^^^^^^^^^^^^^^
  File "/home/tirth/TIrth/Projects/Skill_Swap/Skill-Swap_Access_Denied/venv/lib/python3.12/site-packages/django/contrib/admin/options.py", line 2024, in changelist_view
    cl = self.get_changelist_instance(request)
         ^^^^^^^^^^^^^^^^^^^^^^^^^^^^^^^^^^^^^
  File "/home/tirth/TIrth/Projects/Skill_Swap/Skill-Swap_Access_Denied/venv/lib/python3.12/site-packages/django/contrib/admin/options.py", line 867, in get_changelist_instance
    return ChangeList(
           ^^^^^^^^^^^
  File "/home/tirth/TIrth/Projects/Skill_Swap/Skill-Swap_Access_Denied/venv/lib/python3.12/site-packages/django/contrib/admin/views/main.py", line 146, in __init__
    self.get_results(request)
  File "/home/tirth/TIrth/Projects/Skill_Swap/Skill-Swap_Access_Denied/venv/lib/python3.12/site-packages/django/contrib/admin/views/main.py", line 313, in get_results
    result_count = paginator.count
                   ^^^^^^^^^^^^^^^
  File "/home/tirth/TIrth/Projects/Skill_Swap/Skill-Swap_Access_Denied/venv/lib/python3.12/site-packages/django/utils/functional.py", line 47, in __get__
    res = instance.__dict__[self.name] = self.func(instance)
                                         ^^^^^^^^^^^^^^^^^^^
  File "/home/tirth/TIrth/Projects/Skill_Swap/Skill-Swap_Access_Denied/venv/lib/python3.12/site-packages/django/core/paginator.py", line 110, in count
    return c()
           ^^^
  File "/home/tirth/TIrth/Projects/Skill_Swap/Skill-Swap_Access_Denied/venv/lib/python3.12/site-packages/django/db/models/query.py", line 604, in count
    return self.query.get_count(using=self.db)
           ^^^^^^^^^^^^^^^^^^^^^^^^^^^^^^^^^^^
  File "/home/tirth/TIrth/Projects/Skill_Swap/Skill-Swap_Access_Denied/venv/lib/python3.12/site-packages/django/db/models/sql/query.py", line 644, in get_count
    return obj.get_aggregation(using, {"__count": Count("*")})["__count"]
           ^^^^^^^^^^^^^^^^^^^^^^^^^^^^^^^^^^^^^^^^^^^^^^^^^^^
  File "/home/tirth/TIrth/Projects/Skill_Swap/Skill-Swap_Access_Denied/venv/lib/python3.12/site-packages/django/db/models/sql/query.py", line 626, in get_aggregation
    result = compiler.execute_sql(SINGLE)
             ^^^^^^^^^^^^^^^^^^^^^^^^^^^^
  File "/home/tirth/TIrth/Projects/Skill_Swap/Skill-Swap_Access_Denied/venv/lib/python3.12/site-packages/django/db/models/sql/compiler.py", line 1623, in execute_sql
    cursor.execute(sql, params)
  File "/home/tirth/TIrth/Projects/Skill_Swap/Skill-Swap_Access_Denied/venv/lib/python3.12/site-packages/django/db/backends/utils.py", line 122, in execute
    return super().execute(sql, params)
           ^^^^^^^^^^^^^^^^^^^^^^^^^^^^
  File "/home/tirth/TIrth/Projects/Skill_Swap/Skill-Swap_Access_Denied/venv/lib/python3.12/site-packages/django/db/backends/utils.py", line 79, in execute
    return self._execute_with_wrappers(
           ^^^^^^^^^^^^^^^^^^^^^^^^^^^^
  File "/home/tirth/TIrth/Projects/Skill_Swap/Skill-Swap_Access_Denied/venv/lib/python3.12/site-packages/django/db/backends/utils.py", line 92, in _execute_with_wrappers
    return executor(sql, params, many, context)
           ^^^^^^^^^^^^^^^^^^^^^^^^^^^^^^^^^^^^
  File "/home/tirth/TIrth/Projects/Skill_Swap/Skill-Swap_Access_Denied/venv/lib/python3.12/site-packages/django/db/backends/utils.py", line 100, in _execute
    with self.db.wrap_database_errors:
  File "/home/tirth/TIrth/Projects/Skill_Swap/Skill-Swap_Access_Denied/venv/lib/python3.12/site-packages/django/db/utils.py", line 91, in __exit__
    raise dj_exc_value.with_traceback(traceback) from exc_value
  File "/home/tirth/TIrth/Projects/Skill_Swap/Skill-Swap_Access_Denied/venv/lib/python3.12/site-packages/django/db/backends/utils.py", line 105, in _execute
    return self.cursor.execute(sql, params)
           ^^^^^^^^^^^^^^^^^^^^^^^^^^^^^^^^
  File "/home/tirth/TIrth/Projects/Skill_Swap/Skill-Swap_Access_Denied/venv/lib/python3.12/site-packages/django/db/backends/sqlite3/base.py", line 360, in execute
    return super().execute(query, params)
           ^^^^^^^^^^^^^^^^^^^^^^^^^^^^^^
django.db.utils.OperationalError: no such table: skill_swap_learningmaterial
"GET /admin/skill_swap/learningmaterial/ HTTP/1.1" 500 205009
Internal Server Error: /admin/skill_swap/learningmaterial/
Traceback (most recent call last):
  File "/home/tirth/TIrth/Projects/Skill_Swap/Skill-Swap_Access_Denied/venv/lib/python3.12/site-packages/django/db/backends/utils.py", line 105, in _execute
    return self.cursor.execute(sql, params)
           ^^^^^^^^^^^^^^^^^^^^^^^^^^^^^^^^
  File "/home/tirth/TIrth/Projects/Skill_Swap/Skill-Swap_Access_Denied/venv/lib/python3.12/site-packages/django/db/backends/sqlite3/base.py", line 360, in execute
    return super().execute(query, params)
           ^^^^^^^^^^^^^^^^^^^^^^^^^^^^^^
sqlite3.OperationalError: no such table: skill_swap_learningmaterial

The above exception was the direct cause of the following exception:

Traceback (most recent call last):
  File "/home/tirth/TIrth/Projects/Skill_Swap/Skill-Swap_Access_Denied/venv/lib/python3.12/site-packages/django/core/handlers/exception.py", line 55, in inner
    response = get_response(request)
               ^^^^^^^^^^^^^^^^^^^^^
  File "/home/tirth/TIrth/Projects/Skill_Swap/Skill-Swap_Access_Denied/venv/lib/python3.12/site-packages/django/core/handlers/base.py", line 197, in _get_response
    response = wrapped_callback(request, *callback_args, **callback_kwargs)
               ^^^^^^^^^^^^^^^^^^^^^^^^^^^^^^^^^^^^^^^^^^^^^^^^^^^^^^^^^^^^
  File "/home/tirth/TIrth/Projects/Skill_Swap/Skill-Swap_Access_Denied/venv/lib/python3.12/site-packages/django/contrib/admin/options.py", line 719, in wrapper
    return self.admin_site.admin_view(view)(*args, **kwargs)
           ^^^^^^^^^^^^^^^^^^^^^^^^^^^^^^^^^^^^^^^^^^^^^^^^^
  File "/home/tirth/TIrth/Projects/Skill_Swap/Skill-Swap_Access_Denied/venv/lib/python3.12/site-packages/django/utils/decorators.py", line 192, in _view_wrapper
    result = _process_exception(request, e)
             ^^^^^^^^^^^^^^^^^^^^^^^^^^^^^^
  File "/home/tirth/TIrth/Projects/Skill_Swap/Skill-Swap_Access_Denied/venv/lib/python3.12/site-packages/django/utils/decorators.py", line 190, in _view_wrapper
    response = view_func(request, *args, **kwargs)
               ^^^^^^^^^^^^^^^^^^^^^^^^^^^^^^^^^^^
  File "/home/tirth/TIrth/Projects/Skill_Swap/Skill-Swap_Access_Denied/venv/lib/python3.12/site-packages/django/views/decorators/cache.py", line 80, in _view_wrapper
    response = view_func(request, *args, **kwargs)
               ^^^^^^^^^^^^^^^^^^^^^^^^^^^^^^^^^^^
  File "/home/tirth/TIrth/Projects/Skill_Swap/Skill-Swap_Access_Denied/venv/lib/python3.12/site-packages/django/contrib/admin/sites.py", line 246, in inner
    return view(request, *args, **kwargs)
           ^^^^^^^^^^^^^^^^^^^^^^^^^^^^^^
  File "/home/tirth/TIrth/Projects/Skill_Swap/Skill-Swap_Access_Denied/venv/lib/python3.12/site-packages/django/utils/decorators.py", line 48, in _wrapper
    return bound_method(*args, **kwargs)
           ^^^^^^^^^^^^^^^^^^^^^^^^^^^^^
  File "/home/tirth/TIrth/Projects/Skill_Swap/Skill-Swap_Access_Denied/venv/lib/python3.12/site-packages/django/utils/decorators.py", line 192, in _view_wrapper
    result = _process_exception(request, e)
             ^^^^^^^^^^^^^^^^^^^^^^^^^^^^^^
  File "/home/tirth/TIrth/Projects/Skill_Swap/Skill-Swap_Access_Denied/venv/lib/python3.12/site-packages/django/utils/decorators.py", line 190, in _view_wrapper
    response = view_func(request, *args, **kwargs)
               ^^^^^^^^^^^^^^^^^^^^^^^^^^^^^^^^^^^
  File "/home/tirth/TIrth/Projects/Skill_Swap/Skill-Swap_Access_Denied/venv/lib/python3.12/site-packages/django/contrib/admin/options.py", line 2024, in changelist_view
    cl = self.get_changelist_instance(request)
         ^^^^^^^^^^^^^^^^^^^^^^^^^^^^^^^^^^^^^
  File "/home/tirth/TIrth/Projects/Skill_Swap/Skill-Swap_Access_Denied/venv/lib/python3.12/site-packages/django/contrib/admin/options.py", line 867, in get_changelist_instance
    return ChangeList(
           ^^^^^^^^^^^
  File "/home/tirth/TIrth/Projects/Skill_Swap/Skill-Swap_Access_Denied/venv/lib/python3.12/site-packages/django/contrib/admin/views/main.py", line 146, in __init__
    self.get_results(request)
  File "/home/tirth/TIrth/Projects/Skill_Swap/Skill-Swap_Access_Denied/venv/lib/python3.12/site-packages/django/contrib/admin/views/main.py", line 313, in get_results
    result_count = paginator.count
                   ^^^^^^^^^^^^^^^
  File "/home/tirth/TIrth/Projects/Skill_Swap/Skill-Swap_Access_Denied/venv/lib/python3.12/site-packages/django/utils/functional.py", line 47, in __get__
    res = instance.__dict__[self.name] = self.func(instance)
                                         ^^^^^^^^^^^^^^^^^^^
  File "/home/tirth/TIrth/Projects/Skill_Swap/Skill-Swap_Access_Denied/venv/lib/python3.12/site-packages/django/core/paginator.py", line 110, in count
    return c()
           ^^^
  File "/home/tirth/TIrth/Projects/Skill_Swap/Skill-Swap_Access_Denied/venv/lib/python3.12/site-packages/django/db/models/query.py", line 604, in count
    return self.query.get_count(using=self.db)
           ^^^^^^^^^^^^^^^^^^^^^^^^^^^^^^^^^^^
  File "/home/tirth/TIrth/Projects/Skill_Swap/Skill-Swap_Access_Denied/venv/lib/python3.12/site-packages/django/db/models/sql/query.py", line 644, in get_count
    return obj.get_aggregation(using, {"__count": Count("*")})["__count"]
           ^^^^^^^^^^^^^^^^^^^^^^^^^^^^^^^^^^^^^^^^^^^^^^^^^^^
  File "/home/tirth/TIrth/Projects/Skill_Swap/Skill-Swap_Access_Denied/venv/lib/python3.12/site-packages/django/db/models/sql/query.py", line 626, in get_aggregation
    result = compiler.execute_sql(SINGLE)
             ^^^^^^^^^^^^^^^^^^^^^^^^^^^^
  File "/home/tirth/TIrth/Projects/Skill_Swap/Skill-Swap_Access_Denied/venv/lib/python3.12/site-packages/django/db/models/sql/compiler.py", line 1623, in execute_sql
    cursor.execute(sql, params)
  File "/home/tirth/TIrth/Projects/Skill_Swap/Skill-Swap_Access_Denied/venv/lib/python3.12/site-packages/django/db/backends/utils.py", line 122, in execute
    return super().execute(sql, params)
           ^^^^^^^^^^^^^^^^^^^^^^^^^^^^
  File "/home/tirth/TIrth/Projects/Skill_Swap/Skill-Swap_Access_Denied/venv/lib/python3.12/site-packages/django/db/backends/utils.py", line 79, in execute
    return self._execute_with_wrappers(
           ^^^^^^^^^^^^^^^^^^^^^^^^^^^^
  File "/home/tirth/TIrth/Projects/Skill_Swap/Skill-Swap_Access_Denied/venv/lib/python3.12/site-packages/django/db/backends/utils.py", line 92, in _execute_with_wrappers
    return executor(sql, params, many, context)
           ^^^^^^^^^^^^^^^^^^^^^^^^^^^^^^^^^^^^
  File "/home/tirth/TIrth/Projects/Skill_Swap/Skill-Swap_Access_Denied/venv/lib/python3.12/site-packages/django/db/backends/utils.py", line 100, in _execute
    with self.db.wrap_database_errors:
  File "/home/tirth/TIrth/Projects/Skill_Swap/Skill-Swap_Access_Denied/venv/lib/python3.12/site-packages/django/db/utils.py", line 91, in __exit__
    raise dj_exc_value.with_traceback(traceback) from exc_value
  File "/home/tirth/TIrth/Projects/Skill_Swap/Skill-Swap_Access_Denied/venv/lib/python3.12/site-packages/django/db/backends/utils.py", line 105, in _execute
    return self.cursor.execute(sql, params)
           ^^^^^^^^^^^^^^^^^^^^^^^^^^^^^^^^
  File "/home/tirth/TIrth/Projects/Skill_Swap/Skill-Swap_Access_Denied/venv/lib/python3.12/site-packages/django/db/backends/sqlite3/base.py", line 360, in execute
    return super().execute(query, params)
           ^^^^^^^^^^^^^^^^^^^^^^^^^^^^^^
django.db.utils.OperationalError: no such table: skill_swap_learningmaterial
"GET /admin/skill_swap/learningmaterial/ HTTP/1.1" 500 205009
Internal Server Error: /admin/skill_swap/learningmaterial/
Traceback (most recent call last):
  File "/home/tirth/TIrth/Projects/Skill_Swap/Skill-Swap_Access_Denied/venv/lib/python3.12/site-packages/django/db/backends/utils.py", line 105, in _execute
    return self.cursor.execute(sql, params)
           ^^^^^^^^^^^^^^^^^^^^^^^^^^^^^^^^
  File "/home/tirth/TIrth/Projects/Skill_Swap/Skill-Swap_Access_Denied/venv/lib/python3.12/site-packages/django/db/backends/sqlite3/base.py", line 360, in execute
    return super().execute(query, params)
           ^^^^^^^^^^^^^^^^^^^^^^^^^^^^^^
sqlite3.OperationalError: no such table: skill_swap_learningmaterial

The above exception was the direct cause of the following exception:

Traceback (most recent call last):
  File "/home/tirth/TIrth/Projects/Skill_Swap/Skill-Swap_Access_Denied/venv/lib/python3.12/site-packages/django/core/handlers/exception.py", line 55, in inner
    response = get_response(request)
               ^^^^^^^^^^^^^^^^^^^^^
  File "/home/tirth/TIrth/Projects/Skill_Swap/Skill-Swap_Access_Denied/venv/lib/python3.12/site-packages/django/core/handlers/base.py", line 197, in _get_response
    response = wrapped_callback(request, *callback_args, **callback_kwargs)
               ^^^^^^^^^^^^^^^^^^^^^^^^^^^^^^^^^^^^^^^^^^^^^^^^^^^^^^^^^^^^
  File "/home/tirth/TIrth/Projects/Skill_Swap/Skill-Swap_Access_Denied/venv/lib/python3.12/site-packages/django/contrib/admin/options.py", line 719, in wrapper
    return self.admin_site.admin_view(view)(*args, **kwargs)
           ^^^^^^^^^^^^^^^^^^^^^^^^^^^^^^^^^^^^^^^^^^^^^^^^^
  File "/home/tirth/TIrth/Projects/Skill_Swap/Skill-Swap_Access_Denied/venv/lib/python3.12/site-packages/django/utils/decorators.py", line 192, in _view_wrapper
    result = _process_exception(request, e)
             ^^^^^^^^^^^^^^^^^^^^^^^^^^^^^^
  File "/home/tirth/TIrth/Projects/Skill_Swap/Skill-Swap_Access_Denied/venv/lib/python3.12/site-packages/django/utils/decorators.py", line 190, in _view_wrapper
    response = view_func(request, *args, **kwargs)
               ^^^^^^^^^^^^^^^^^^^^^^^^^^^^^^^^^^^
  File "/home/tirth/TIrth/Projects/Skill_Swap/Skill-Swap_Access_Denied/venv/lib/python3.12/site-packages/django/views/decorators/cache.py", line 80, in _view_wrapper
    response = view_func(request, *args, **kwargs)
               ^^^^^^^^^^^^^^^^^^^^^^^^^^^^^^^^^^^
  File "/home/tirth/TIrth/Projects/Skill_Swap/Skill-Swap_Access_Denied/venv/lib/python3.12/site-packages/django/contrib/admin/sites.py", line 246, in inner
    return view(request, *args, **kwargs)
           ^^^^^^^^^^^^^^^^^^^^^^^^^^^^^^
  File "/home/tirth/TIrth/Projects/Skill_Swap/Skill-Swap_Access_Denied/venv/lib/python3.12/site-packages/django/utils/decorators.py", line 48, in _wrapper
    return bound_method(*args, **kwargs)
           ^^^^^^^^^^^^^^^^^^^^^^^^^^^^^
  File "/home/tirth/TIrth/Projects/Skill_Swap/Skill-Swap_Access_Denied/venv/lib/python3.12/site-packages/django/utils/decorators.py", line 192, in _view_wrapper
    result = _process_exception(request, e)
             ^^^^^^^^^^^^^^^^^^^^^^^^^^^^^^
  File "/home/tirth/TIrth/Projects/Skill_Swap/Skill-Swap_Access_Denied/venv/lib/python3.12/site-packages/django/utils/decorators.py", line 190, in _view_wrapper
    response = view_func(request, *args, **kwargs)
               ^^^^^^^^^^^^^^^^^^^^^^^^^^^^^^^^^^^
  File "/home/tirth/TIrth/Projects/Skill_Swap/Skill-Swap_Access_Denied/venv/lib/python3.12/site-packages/django/contrib/admin/options.py", line 2024, in changelist_view
    cl = self.get_changelist_instance(request)
         ^^^^^^^^^^^^^^^^^^^^^^^^^^^^^^^^^^^^^
  File "/home/tirth/TIrth/Projects/Skill_Swap/Skill-Swap_Access_Denied/venv/lib/python3.12/site-packages/django/contrib/admin/options.py", line 867, in get_changelist_instance
    return ChangeList(
           ^^^^^^^^^^^
  File "/home/tirth/TIrth/Projects/Skill_Swap/Skill-Swap_Access_Denied/venv/lib/python3.12/site-packages/django/contrib/admin/views/main.py", line 146, in __init__
    self.get_results(request)
  File "/home/tirth/TIrth/Projects/Skill_Swap/Skill-Swap_Access_Denied/venv/lib/python3.12/site-packages/django/contrib/admin/views/main.py", line 313, in get_results
    result_count = paginator.count
                   ^^^^^^^^^^^^^^^
  File "/home/tirth/TIrth/Projects/Skill_Swap/Skill-Swap_Access_Denied/venv/lib/python3.12/site-packages/django/utils/functional.py", line 47, in __get__
    res = instance.__dict__[self.name] = self.func(instance)
                                         ^^^^^^^^^^^^^^^^^^^
  File "/home/tirth/TIrth/Projects/Skill_Swap/Skill-Swap_Access_Denied/venv/lib/python3.12/site-packages/django/core/paginator.py", line 110, in count
    return c()
           ^^^
  File "/home/tirth/TIrth/Projects/Skill_Swap/Skill-Swap_Access_Denied/venv/lib/python3.12/site-packages/django/db/models/query.py", line 604, in count
    return self.query.get_count(using=self.db)
           ^^^^^^^^^^^^^^^^^^^^^^^^^^^^^^^^^^^
  File "/home/tirth/TIrth/Projects/Skill_Swap/Skill-Swap_Access_Denied/venv/lib/python3.12/site-packages/django/db/models/sql/query.py", line 644, in get_count
    return obj.get_aggregation(using, {"__count": Count("*")})["__count"]
           ^^^^^^^^^^^^^^^^^^^^^^^^^^^^^^^^^^^^^^^^^^^^^^^^^^^
  File "/home/tirth/TIrth/Projects/Skill_Swap/Skill-Swap_Access_Denied/venv/lib/python3.12/site-packages/django/db/models/sql/query.py", line 626, in get_aggregation
    result = compiler.execute_sql(SINGLE)
             ^^^^^^^^^^^^^^^^^^^^^^^^^^^^
  File "/home/tirth/TIrth/Projects/Skill_Swap/Skill-Swap_Access_Denied/venv/lib/python3.12/site-packages/django/db/models/sql/compiler.py", line 1623, in execute_sql
    cursor.execute(sql, params)
  File "/home/tirth/TIrth/Projects/Skill_Swap/Skill-Swap_Access_Denied/venv/lib/python3.12/site-packages/django/db/backends/utils.py", line 122, in execute
    return super().execute(sql, params)
           ^^^^^^^^^^^^^^^^^^^^^^^^^^^^
  File "/home/tirth/TIrth/Projects/Skill_Swap/Skill-Swap_Access_Denied/venv/lib/python3.12/site-packages/django/db/backends/utils.py", line 79, in execute
    return self._execute_with_wrappers(
           ^^^^^^^^^^^^^^^^^^^^^^^^^^^^
  File "/home/tirth/TIrth/Projects/Skill_Swap/Skill-Swap_Access_Denied/venv/lib/python3.12/site-packages/django/db/backends/utils.py", line 92, in _execute_with_wrappers
    return executor(sql, params, many, context)
           ^^^^^^^^^^^^^^^^^^^^^^^^^^^^^^^^^^^^
  File "/home/tirth/TIrth/Projects/Skill_Swap/Skill-Swap_Access_Denied/venv/lib/python3.12/site-packages/django/db/backends/utils.py", line 100, in _execute
    with self.db.wrap_database_errors:
  File "/home/tirth/TIrth/Projects/Skill_Swap/Skill-Swap_Access_Denied/venv/lib/python3.12/site-packages/django/db/utils.py", line 91, in __exit__
    raise dj_exc_value.with_traceback(traceback) from exc_value
  File "/home/tirth/TIrth/Projects/Skill_Swap/Skill-Swap_Access_Denied/venv/lib/python3.12/site-packages/django/db/backends/utils.py", line 105, in _execute
    return self.cursor.execute(sql, params)
           ^^^^^^^^^^^^^^^^^^^^^^^^^^^^^^^^
  File "/home/tirth/TIrth/Projects/Skill_Swap/Skill-Swap_Access_Denied/venv/lib/python3.12/site-packages/django/db/backends/sqlite3/base.py", line 360, in execute
    return super().execute(query, params)
           ^^^^^^^^^^^^^^^^^^^^^^^^^^^^^^
django.db.utils.OperationalError: no such table: skill_swap_learningmaterial
"GET /admin/skill_swap/learningmaterial/ HTTP/1.1" 500 205009
Not Found: /favicon.ico
Internal Server Error: /admin/skill_swap/learningmaterial/
Traceback (most recent call last):
  File "/home/tirth/TIrth/Projects/Skill_Swap/Skill-Swap_Access_Denied/venv/lib/python3.12/site-packages/django/db/backends/utils.py", line 105, in _execute
    return self.cursor.execute(sql, params)
           ^^^^^^^^^^^^^^^^^^^^^^^^^^^^^^^^
  File "/home/tirth/TIrth/Projects/Skill_Swap/Skill-Swap_Access_Denied/venv/lib/python3.12/site-packages/django/db/backends/sqlite3/base.py", line 360, in execute
    return super().execute(query, params)
           ^^^^^^^^^^^^^^^^^^^^^^^^^^^^^^
sqlite3.OperationalError: no such table: skill_swap_learningmaterial

The above exception was the direct cause of the following exception:

Traceback (most recent call last):
  File "/home/tirth/TIrth/Projects/Skill_Swap/Skill-Swap_Access_Denied/venv/lib/python3.12/site-packages/django/core/handlers/exception.py", line 55, in inner
    response = get_response(request)
               ^^^^^^^^^^^^^^^^^^^^^
  File "/home/tirth/TIrth/Projects/Skill_Swap/Skill-Swap_Access_Denied/venv/lib/python3.12/site-packages/django/core/handlers/base.py", line 197, in _get_response
    response = wrapped_callback(request, *callback_args, **callback_kwargs)
               ^^^^^^^^^^^^^^^^^^^^^^^^^^^^^^^^^^^^^^^^^^^^^^^^^^^^^^^^^^^^
  File "/home/tirth/TIrth/Projects/Skill_Swap/Skill-Swap_Access_Denied/venv/lib/python3.12/site-packages/django/contrib/admin/options.py", line 719, in wrapper
    return self.admin_site.admin_view(view)(*args, **kwargs)
           ^^^^^^^^^^^^^^^^^^^^^^^^^^^^^^^^^^^^^^^^^^^^^^^^^
  File "/home/tirth/TIrth/Projects/Skill_Swap/Skill-Swap_Access_Denied/venv/lib/python3.12/site-packages/django/utils/decorators.py", line 192, in _view_wrapper
    result = _process_exception(request, e)
             ^^^^^^^^^^^^^^^^^^^^^^^^^^^^^^
  File "/home/tirth/TIrth/Projects/Skill_Swap/Skill-Swap_Access_Denied/venv/lib/python3.12/site-packages/django/utils/decorators.py", line 190, in _view_wrapper
    response = view_func(request, *args, **kwargs)
               ^^^^^^^^^^^^^^^^^^^^^^^^^^^^^^^^^^^
  File "/home/tirth/TIrth/Projects/Skill_Swap/Skill-Swap_Access_Denied/venv/lib/python3.12/site-packages/django/views/decorators/cache.py", line 80, in _view_wrapper
    response = view_func(request, *args, **kwargs)
               ^^^^^^^^^^^^^^^^^^^^^^^^^^^^^^^^^^^
  File "/home/tirth/TIrth/Projects/Skill_Swap/Skill-Swap_Access_Denied/venv/lib/python3.12/site-packages/django/contrib/admin/sites.py", line 246, in inner
    return view(request, *args, **kwargs)
           ^^^^^^^^^^^^^^^^^^^^^^^^^^^^^^
  File "/home/tirth/TIrth/Projects/Skill_Swap/Skill-Swap_Access_Denied/venv/lib/python3.12/site-packages/django/utils/decorators.py", line 48, in _wrapper
    return bound_method(*args, **kwargs)
           ^^^^^^^^^^^^^^^^^^^^^^^^^^^^^
  File "/home/tirth/TIrth/Projects/Skill_Swap/Skill-Swap_Access_Denied/venv/lib/python3.12/site-packages/django/utils/decorators.py", line 192, in _view_wrapper
    result = _process_exception(request, e)
             ^^^^^^^^^^^^^^^^^^^^^^^^^^^^^^
  File "/home/tirth/TIrth/Projects/Skill_Swap/Skill-Swap_Access_Denied/venv/lib/python3.12/site-packages/django/utils/decorators.py", line 190, in _view_wrapper
    response = view_func(request, *args, **kwargs)
               ^^^^^^^^^^^^^^^^^^^^^^^^^^^^^^^^^^^
  File "/home/tirth/TIrth/Projects/Skill_Swap/Skill-Swap_Access_Denied/venv/lib/python3.12/site-packages/django/contrib/admin/options.py", line 2024, in changelist_view
    cl = self.get_changelist_instance(request)
         ^^^^^^^^^^^^^^^^^^^^^^^^^^^^^^^^^^^^^
  File "/home/tirth/TIrth/Projects/Skill_Swap/Skill-Swap_Access_Denied/venv/lib/python3.12/site-packages/django/contrib/admin/options.py", line 867, in get_changelist_instance
    return ChangeList(
           ^^^^^^^^^^^
  File "/home/tirth/TIrth/Projects/Skill_Swap/Skill-Swap_Access_Denied/venv/lib/python3.12/site-packages/django/contrib/admin/views/main.py", line 146, in __init__
    self.get_results(request)
  File "/home/tirth/TIrth/Projects/Skill_Swap/Skill-Swap_Access_Denied/venv/lib/python3.12/site-packages/django/contrib/admin/views/main.py", line 313, in get_results
    result_count = paginator.count
                   ^^^^^^^^^^^^^^^
  File "/home/tirth/TIrth/Projects/Skill_Swap/Skill-Swap_Access_Denied/venv/lib/python3.12/site-packages/django/utils/functional.py", line 47, in __get__
    res = instance.__dict__[self.name] = self.func(instance)
                                         ^^^^^^^^^^^^^^^^^^^
  File "/home/tirth/TIrth/Projects/Skill_Swap/Skill-Swap_Access_Denied/venv/lib/python3.12/site-packages/django/core/paginator.py", line 110, in count
    return c()
           ^^^
  File "/home/tirth/TIrth/Projects/Skill_Swap/Skill-Swap_Access_Denied/venv/lib/python3.12/site-packages/django/db/models/query.py", line 604, in count
    return self.query.get_count(using=self.db)
           ^^^^^^^^^^^^^^^^^^^^^^^^^^^^^^^^^^^
  File "/home/tirth/TIrth/Projects/Skill_Swap/Skill-Swap_Access_Denied/venv/lib/python3.12/site-packages/django/db/models/sql/query.py", line 644, in get_count
    return obj.get_aggregation(using, {"__count": Count("*")})["__count"]
           ^^^^^^^^^^^^^^^^^^^^^^^^^^^^^^^^^^^^^^^^^^^^^^^^^^^
  File "/home/tirth/TIrth/Projects/Skill_Swap/Skill-Swap_Access_Denied/venv/lib/python3.12/site-packages/django/db/models/sql/query.py", line 626, in get_aggregation
    result = compiler.execute_sql(SINGLE)
             ^^^^^^^^^^^^^^^^^^^^^^^^^^^^
  File "/home/tirth/TIrth/Projects/Skill_Swap/Skill-Swap_Access_Denied/venv/lib/python3.12/site-packages/django/db/models/sql/compiler.py", line 1623, in execute_sql
    cursor.execute(sql, params)
  File "/home/tirth/TIrth/Projects/Skill_Swap/Skill-Swap_Access_Denied/venv/lib/python3.12/site-packages/django/db/backends/utils.py", line 122, in execute
    return super().execute(sql, params)
           ^^^^^^^^^^^^^^^^^^^^^^^^^^^^
  File "/home/tirth/TIrth/Projects/Skill_Swap/Skill-Swap_Access_Denied/venv/lib/python3.12/site-packages/django/db/backends/utils.py", line 79, in execute
    return self._execute_with_wrappers(
           ^^^^^^^^^^^^^^^^^^^^^^^^^^^^
  File "/home/tirth/TIrth/Projects/Skill_Swap/Skill-Swap_Access_Denied/venv/lib/python3.12/site-packages/django/db/backends/utils.py", line 92, in _execute_with_wrappers
    return executor(sql, params, many, context)
           ^^^^^^^^^^^^^^^^^^^^^^^^^^^^^^^^^^^^
  File "/home/tirth/TIrth/Projects/Skill_Swap/Skill-Swap_Access_Denied/venv/lib/python3.12/site-packages/django/db/backends/utils.py", line 100, in _execute
    with self.db.wrap_database_errors:
  File "/home/tirth/TIrth/Projects/Skill_Swap/Skill-Swap_Access_Denied/venv/lib/python3.12/site-packages/django/db/utils.py", line 91, in __exit__
    raise dj_exc_value.with_traceback(traceback) from exc_value
  File "/home/tirth/TIrth/Projects/Skill_Swap/Skill-Swap_Access_Denied/venv/lib/python3.12/site-packages/django/db/backends/utils.py", line 105, in _execute
    return self.cursor.execute(sql, params)
           ^^^^^^^^^^^^^^^^^^^^^^^^^^^^^^^^
  File "/home/tirth/TIrth/Projects/Skill_Swap/Skill-Swap_Access_Denied/venv/lib/python3.12/site-packages/django/db/backends/sqlite3/base.py", line 360, in execute
    return super().execute(query, params)
           ^^^^^^^^^^^^^^^^^^^^^^^^^^^^^^
django.db.utils.OperationalError: no such table: skill_swap_learningmaterial
"GET /favicon.ico HTTP/1.1" 404 7960
"GET /admin/skill_swap/learningmaterial/ HTTP/1.1" 500 205009
/home/tirth/TIrth/Projects/Skill_Swap/new/Skill-Swap_Access_Denied/skillswap_backend/skill_swap/views.py changed, reloading.
Watching for file changes with StatReloader
/home/tirth/TIrth/Projects/Skill_Swap/new/Skill-Swap_Access_Denied/skillswap_backend/skill_swap/views.py changed, reloading.
Watching for file changes with StatReloader
Watching for file changes with StatReloader
Internal Server Error: /admin/skill_swap/learningmaterial/
Traceback (most recent call last):
  File "/home/tirth/TIrth/Projects/Skill_Swap/Skill-Swap_Access_Denied/venv/lib/python3.12/site-packages/django/db/backends/utils.py", line 105, in _execute
    return self.cursor.execute(sql, params)
           ^^^^^^^^^^^^^^^^^^^^^^^^^^^^^^^^
  File "/home/tirth/TIrth/Projects/Skill_Swap/Skill-Swap_Access_Denied/venv/lib/python3.12/site-packages/django/db/backends/sqlite3/base.py", line 360, in execute
    return super().execute(query, params)
           ^^^^^^^^^^^^^^^^^^^^^^^^^^^^^^
sqlite3.OperationalError: no such table: skill_swap_learningmaterial

The above exception was the direct cause of the following exception:

Traceback (most recent call last):
  File "/home/tirth/TIrth/Projects/Skill_Swap/Skill-Swap_Access_Denied/venv/lib/python3.12/site-packages/django/core/handlers/exception.py", line 55, in inner
    response = get_response(request)
               ^^^^^^^^^^^^^^^^^^^^^
  File "/home/tirth/TIrth/Projects/Skill_Swap/Skill-Swap_Access_Denied/venv/lib/python3.12/site-packages/django/core/handlers/base.py", line 197, in _get_response
    response = wrapped_callback(request, *callback_args, **callback_kwargs)
               ^^^^^^^^^^^^^^^^^^^^^^^^^^^^^^^^^^^^^^^^^^^^^^^^^^^^^^^^^^^^
  File "/home/tirth/TIrth/Projects/Skill_Swap/Skill-Swap_Access_Denied/venv/lib/python3.12/site-packages/django/contrib/admin/options.py", line 719, in wrapper
    return self.admin_site.admin_view(view)(*args, **kwargs)
           ^^^^^^^^^^^^^^^^^^^^^^^^^^^^^^^^^^^^^^^^^^^^^^^^^
  File "/home/tirth/TIrth/Projects/Skill_Swap/Skill-Swap_Access_Denied/venv/lib/python3.12/site-packages/django/utils/decorators.py", line 192, in _view_wrapper
    result = _process_exception(request, e)
             ^^^^^^^^^^^^^^^^^^^^^^^^^^^^^^
  File "/home/tirth/TIrth/Projects/Skill_Swap/Skill-Swap_Access_Denied/venv/lib/python3.12/site-packages/django/utils/decorators.py", line 190, in _view_wrapper
    response = view_func(request, *args, **kwargs)
               ^^^^^^^^^^^^^^^^^^^^^^^^^^^^^^^^^^^
  File "/home/tirth/TIrth/Projects/Skill_Swap/Skill-Swap_Access_Denied/venv/lib/python3.12/site-packages/django/views/decorators/cache.py", line 80, in _view_wrapper
    response = view_func(request, *args, **kwargs)
               ^^^^^^^^^^^^^^^^^^^^^^^^^^^^^^^^^^^
  File "/home/tirth/TIrth/Projects/Skill_Swap/Skill-Swap_Access_Denied/venv/lib/python3.12/site-packages/django/contrib/admin/sites.py", line 246, in inner
    return view(request, *args, **kwargs)
           ^^^^^^^^^^^^^^^^^^^^^^^^^^^^^^
  File "/home/tirth/TIrth/Projects/Skill_Swap/Skill-Swap_Access_Denied/venv/lib/python3.12/site-packages/django/utils/decorators.py", line 48, in _wrapper
    return bound_method(*args, **kwargs)
           ^^^^^^^^^^^^^^^^^^^^^^^^^^^^^
  File "/home/tirth/TIrth/Projects/Skill_Swap/Skill-Swap_Access_Denied/venv/lib/python3.12/site-packages/django/utils/decorators.py", line 192, in _view_wrapper
    result = _process_exception(request, e)
             ^^^^^^^^^^^^^^^^^^^^^^^^^^^^^^
  File "/home/tirth/TIrth/Projects/Skill_Swap/Skill-Swap_Access_Denied/venv/lib/python3.12/site-packages/django/utils/decorators.py", line 190, in _view_wrapper
    response = view_func(request, *args, **kwargs)
               ^^^^^^^^^^^^^^^^^^^^^^^^^^^^^^^^^^^
  File "/home/tirth/TIrth/Projects/Skill_Swap/Skill-Swap_Access_Denied/venv/lib/python3.12/site-packages/django/contrib/admin/options.py", line 2024, in changelist_view
    cl = self.get_changelist_instance(request)
         ^^^^^^^^^^^^^^^^^^^^^^^^^^^^^^^^^^^^^
  File "/home/tirth/TIrth/Projects/Skill_Swap/Skill-Swap_Access_Denied/venv/lib/python3.12/site-packages/django/contrib/admin/options.py", line 867, in get_changelist_instance
    return ChangeList(
           ^^^^^^^^^^^
  File "/home/tirth/TIrth/Projects/Skill_Swap/Skill-Swap_Access_Denied/venv/lib/python3.12/site-packages/django/contrib/admin/views/main.py", line 146, in __init__
    self.get_results(request)
  File "/home/tirth/TIrth/Projects/Skill_Swap/Skill-Swap_Access_Denied/venv/lib/python3.12/site-packages/django/contrib/admin/views/main.py", line 313, in get_results
    result_count = paginator.count
                   ^^^^^^^^^^^^^^^
  File "/home/tirth/TIrth/Projects/Skill_Swap/Skill-Swap_Access_Denied/venv/lib/python3.12/site-packages/django/utils/functional.py", line 47, in __get__
    res = instance.__dict__[self.name] = self.func(instance)
                                         ^^^^^^^^^^^^^^^^^^^
  File "/home/tirth/TIrth/Projects/Skill_Swap/Skill-Swap_Access_Denied/venv/lib/python3.12/site-packages/django/core/paginator.py", line 110, in count
    return c()
           ^^^
  File "/home/tirth/TIrth/Projects/Skill_Swap/Skill-Swap_Access_Denied/venv/lib/python3.12/site-packages/django/db/models/query.py", line 604, in count
    return self.query.get_count(using=self.db)
           ^^^^^^^^^^^^^^^^^^^^^^^^^^^^^^^^^^^
  File "/home/tirth/TIrth/Projects/Skill_Swap/Skill-Swap_Access_Denied/venv/lib/python3.12/site-packages/django/db/models/sql/query.py", line 644, in get_count
    return obj.get_aggregation(using, {"__count": Count("*")})["__count"]
           ^^^^^^^^^^^^^^^^^^^^^^^^^^^^^^^^^^^^^^^^^^^^^^^^^^^
  File "/home/tirth/TIrth/Projects/Skill_Swap/Skill-Swap_Access_Denied/venv/lib/python3.12/site-packages/django/db/models/sql/query.py", line 626, in get_aggregation
    result = compiler.execute_sql(SINGLE)
             ^^^^^^^^^^^^^^^^^^^^^^^^^^^^
  File "/home/tirth/TIrth/Projects/Skill_Swap/Skill-Swap_Access_Denied/venv/lib/python3.12/site-packages/django/db/models/sql/compiler.py", line 1623, in execute_sql
    cursor.execute(sql, params)
  File "/home/tirth/TIrth/Projects/Skill_Swap/Skill-Swap_Access_Denied/venv/lib/python3.12/site-packages/django/db/backends/utils.py", line 122, in execute
    return super().execute(sql, params)
           ^^^^^^^^^^^^^^^^^^^^^^^^^^^^
  File "/home/tirth/TIrth/Projects/Skill_Swap/Skill-Swap_Access_Denied/venv/lib/python3.12/site-packages/django/db/backends/utils.py", line 79, in execute
    return self._execute_with_wrappers(
           ^^^^^^^^^^^^^^^^^^^^^^^^^^^^
  File "/home/tirth/TIrth/Projects/Skill_Swap/Skill-Swap_Access_Denied/venv/lib/python3.12/site-packages/django/db/backends/utils.py", line 92, in _execute_with_wrappers
    return executor(sql, params, many, context)
           ^^^^^^^^^^^^^^^^^^^^^^^^^^^^^^^^^^^^
  File "/home/tirth/TIrth/Projects/Skill_Swap/Skill-Swap_Access_Denied/venv/lib/python3.12/site-packages/django/db/backends/utils.py", line 100, in _execute
    with self.db.wrap_database_errors:
  File "/home/tirth/TIrth/Projects/Skill_Swap/Skill-Swap_Access_Denied/venv/lib/python3.12/site-packages/django/db/utils.py", line 91, in __exit__
    raise dj_exc_value.with_traceback(traceback) from exc_value
  File "/home/tirth/TIrth/Projects/Skill_Swap/Skill-Swap_Access_Denied/venv/lib/python3.12/site-packages/django/db/backends/utils.py", line 105, in _execute
    return self.cursor.execute(sql, params)
           ^^^^^^^^^^^^^^^^^^^^^^^^^^^^^^^^
  File "/home/tirth/TIrth/Projects/Skill_Swap/Skill-Swap_Access_Denied/venv/lib/python3.12/site-packages/django/db/backends/sqlite3/base.py", line 360, in execute
    return super().execute(query, params)
           ^^^^^^^^^^^^^^^^^^^^^^^^^^^^^^
django.db.utils.OperationalError: no such table: skill_swap_learningmaterial
"GET /admin/skill_swap/learningmaterial/ HTTP/1.1" 500 205009
Not Found: /favicon.ico
"GET /favicon.ico HTTP/1.1" 404 7960
Internal Server Error: /admin/skill_swap/learningmaterial/
Traceback (most recent call last):
  File "/home/tirth/TIrth/Projects/Skill_Swap/Skill-Swap_Access_Denied/venv/lib/python3.12/site-packages/django/db/backends/utils.py", line 105, in _execute
    return self.cursor.execute(sql, params)
           ^^^^^^^^^^^^^^^^^^^^^^^^^^^^^^^^
  File "/home/tirth/TIrth/Projects/Skill_Swap/Skill-Swap_Access_Denied/venv/lib/python3.12/site-packages/django/db/backends/sqlite3/base.py", line 360, in execute
    return super().execute(query, params)
           ^^^^^^^^^^^^^^^^^^^^^^^^^^^^^^
sqlite3.OperationalError: no such table: skill_swap_learningmaterial

The above exception was the direct cause of the following exception:

Traceback (most recent call last):
  File "/home/tirth/TIrth/Projects/Skill_Swap/Skill-Swap_Access_Denied/venv/lib/python3.12/site-packages/django/core/handlers/exception.py", line 55, in inner
    response = get_response(request)
               ^^^^^^^^^^^^^^^^^^^^^
  File "/home/tirth/TIrth/Projects/Skill_Swap/Skill-Swap_Access_Denied/venv/lib/python3.12/site-packages/django/core/handlers/base.py", line 197, in _get_response
    response = wrapped_callback(request, *callback_args, **callback_kwargs)
               ^^^^^^^^^^^^^^^^^^^^^^^^^^^^^^^^^^^^^^^^^^^^^^^^^^^^^^^^^^^^
  File "/home/tirth/TIrth/Projects/Skill_Swap/Skill-Swap_Access_Denied/venv/lib/python3.12/site-packages/django/contrib/admin/options.py", line 719, in wrapper
    return self.admin_site.admin_view(view)(*args, **kwargs)
           ^^^^^^^^^^^^^^^^^^^^^^^^^^^^^^^^^^^^^^^^^^^^^^^^^
  File "/home/tirth/TIrth/Projects/Skill_Swap/Skill-Swap_Access_Denied/venv/lib/python3.12/site-packages/django/utils/decorators.py", line 192, in _view_wrapper
    result = _process_exception(request, e)
             ^^^^^^^^^^^^^^^^^^^^^^^^^^^^^^
  File "/home/tirth/TIrth/Projects/Skill_Swap/Skill-Swap_Access_Denied/venv/lib/python3.12/site-packages/django/utils/decorators.py", line 190, in _view_wrapper
    response = view_func(request, *args, **kwargs)
               ^^^^^^^^^^^^^^^^^^^^^^^^^^^^^^^^^^^
  File "/home/tirth/TIrth/Projects/Skill_Swap/Skill-Swap_Access_Denied/venv/lib/python3.12/site-packages/django/views/decorators/cache.py", line 80, in _view_wrapper
    response = view_func(request, *args, **kwargs)
               ^^^^^^^^^^^^^^^^^^^^^^^^^^^^^^^^^^^
  File "/home/tirth/TIrth/Projects/Skill_Swap/Skill-Swap_Access_Denied/venv/lib/python3.12/site-packages/django/contrib/admin/sites.py", line 246, in inner
    return view(request, *args, **kwargs)
           ^^^^^^^^^^^^^^^^^^^^^^^^^^^^^^
  File "/home/tirth/TIrth/Projects/Skill_Swap/Skill-Swap_Access_Denied/venv/lib/python3.12/site-packages/django/utils/decorators.py", line 48, in _wrapper
    return bound_method(*args, **kwargs)
           ^^^^^^^^^^^^^^^^^^^^^^^^^^^^^
  File "/home/tirth/TIrth/Projects/Skill_Swap/Skill-Swap_Access_Denied/venv/lib/python3.12/site-packages/django/utils/decorators.py", line 192, in _view_wrapper
    result = _process_exception(request, e)
             ^^^^^^^^^^^^^^^^^^^^^^^^^^^^^^
  File "/home/tirth/TIrth/Projects/Skill_Swap/Skill-Swap_Access_Denied/venv/lib/python3.12/site-packages/django/utils/decorators.py", line 190, in _view_wrapper
    response = view_func(request, *args, **kwargs)
               ^^^^^^^^^^^^^^^^^^^^^^^^^^^^^^^^^^^
  File "/home/tirth/TIrth/Projects/Skill_Swap/Skill-Swap_Access_Denied/venv/lib/python3.12/site-packages/django/contrib/admin/options.py", line 2024, in changelist_view
    cl = self.get_changelist_instance(request)
         ^^^^^^^^^^^^^^^^^^^^^^^^^^^^^^^^^^^^^
  File "/home/tirth/TIrth/Projects/Skill_Swap/Skill-Swap_Access_Denied/venv/lib/python3.12/site-packages/django/contrib/admin/options.py", line 867, in get_changelist_instance
    return ChangeList(
           ^^^^^^^^^^^
  File "/home/tirth/TIrth/Projects/Skill_Swap/Skill-Swap_Access_Denied/venv/lib/python3.12/site-packages/django/contrib/admin/views/main.py", line 146, in __init__
    self.get_results(request)
  File "/home/tirth/TIrth/Projects/Skill_Swap/Skill-Swap_Access_Denied/venv/lib/python3.12/site-packages/django/contrib/admin/views/main.py", line 313, in get_results
    result_count = paginator.count
                   ^^^^^^^^^^^^^^^
  File "/home/tirth/TIrth/Projects/Skill_Swap/Skill-Swap_Access_Denied/venv/lib/python3.12/site-packages/django/utils/functional.py", line 47, in __get__
    res = instance.__dict__[self.name] = self.func(instance)
                                         ^^^^^^^^^^^^^^^^^^^
  File "/home/tirth/TIrth/Projects/Skill_Swap/Skill-Swap_Access_Denied/venv/lib/python3.12/site-packages/django/core/paginator.py", line 110, in count
    return c()
           ^^^
  File "/home/tirth/TIrth/Projects/Skill_Swap/Skill-Swap_Access_Denied/venv/lib/python3.12/site-packages/django/db/models/query.py", line 604, in count
    return self.query.get_count(using=self.db)
           ^^^^^^^^^^^^^^^^^^^^^^^^^^^^^^^^^^^
  File "/home/tirth/TIrth/Projects/Skill_Swap/Skill-Swap_Access_Denied/venv/lib/python3.12/site-packages/django/db/models/sql/query.py", line 644, in get_count
    return obj.get_aggregation(using, {"__count": Count("*")})["__count"]
           ^^^^^^^^^^^^^^^^^^^^^^^^^^^^^^^^^^^^^^^^^^^^^^^^^^^
  File "/home/tirth/TIrth/Projects/Skill_Swap/Skill-Swap_Access_Denied/venv/lib/python3.12/site-packages/django/db/models/sql/query.py", line 626, in get_aggregation
    result = compiler.execute_sql(SINGLE)
             ^^^^^^^^^^^^^^^^^^^^^^^^^^^^
  File "/home/tirth/TIrth/Projects/Skill_Swap/Skill-Swap_Access_Denied/venv/lib/python3.12/site-packages/django/db/models/sql/compiler.py", line 1623, in execute_sql
    cursor.execute(sql, params)
  File "/home/tirth/TIrth/Projects/Skill_Swap/Skill-Swap_Access_Denied/venv/lib/python3.12/site-packages/django/db/backends/utils.py", line 122, in execute
    return super().execute(sql, params)
           ^^^^^^^^^^^^^^^^^^^^^^^^^^^^
  File "/home/tirth/TIrth/Projects/Skill_Swap/Skill-Swap_Access_Denied/venv/lib/python3.12/site-packages/django/db/backends/utils.py", line 79, in execute
    return self._execute_with_wrappers(
           ^^^^^^^^^^^^^^^^^^^^^^^^^^^^
  File "/home/tirth/TIrth/Projects/Skill_Swap/Skill-Swap_Access_Denied/venv/lib/python3.12/site-packages/django/db/backends/utils.py", line 92, in _execute_with_wrappers
    return executor(sql, params, many, context)
           ^^^^^^^^^^^^^^^^^^^^^^^^^^^^^^^^^^^^
  File "/home/tirth/TIrth/Projects/Skill_Swap/Skill-Swap_Access_Denied/venv/lib/python3.12/site-packages/django/db/backends/utils.py", line 100, in _execute
    with self.db.wrap_database_errors:
  File "/home/tirth/TIrth/Projects/Skill_Swap/Skill-Swap_Access_Denied/venv/lib/python3.12/site-packages/django/db/utils.py", line 91, in __exit__
    raise dj_exc_value.with_traceback(traceback) from exc_value
  File "/home/tirth/TIrth/Projects/Skill_Swap/Skill-Swap_Access_Denied/venv/lib/python3.12/site-packages/django/db/backends/utils.py", line 105, in _execute
    return self.cursor.execute(sql, params)
           ^^^^^^^^^^^^^^^^^^^^^^^^^^^^^^^^
  File "/home/tirth/TIrth/Projects/Skill_Swap/Skill-Swap_Access_Denied/venv/lib/python3.12/site-packages/django/db/backends/sqlite3/base.py", line 360, in execute
    return super().execute(query, params)
           ^^^^^^^^^^^^^^^^^^^^^^^^^^^^^^
django.db.utils.OperationalError: no such table: skill_swap_learningmaterial
"GET /admin/skill_swap/learningmaterial/ HTTP/1.1" 500 205009
Not Found: /favicon.ico
"GET /favicon.ico HTTP/1.1" 404 7960
"GET /admin/skill_swap/user/ HTTP/1.1" 200 15189
"GET /static/admin/css/dark_mode.css HTTP/1.1" 200 2808
"GET /static/admin/css/base.css HTTP/1.1" 200 22120
"GET /static/admin/css/changelists.css HTTP/1.1" 200 6878
"GET /static/admin/css/responsive.css HTTP/1.1" 200 16565
"GET /static/admin/css/nav_sidebar.css HTTP/1.1" 200 2810
"GET /static/admin/js/theme.js HTTP/1.1" 200 1653
"GET /static/admin/js/admin/RelatedObjectLookups.js HTTP/1.1" 200 9777
"GET /static/admin/js/core.js HTTP/1.1" 200 6208
"GET /static/admin/js/jquery.init.js HTTP/1.1" 200 347
"GET /admin/jsi18n/ HTTP/1.1" 200 3342
"GET /static/admin/js/vendor/jquery/jquery.js HTTP/1.1" 200 285314
"GET /static/admin/js/actions.js HTTP/1.1" 200 8076
"GET /static/admin/js/urlify.js HTTP/1.1" 200 7887
"GET /static/admin/js/prepopulate.js HTTP/1.1" 200 1531
"GET /static/admin/js/vendor/xregexp/xregexp.js HTTP/1.1" 200 325171
"GET /static/admin/js/filters.js HTTP/1.1" 200 978
"GET /static/admin/js/nav_sidebar.js HTTP/1.1" 200 3063
"GET /static/admin/img/tooltag-add.svg HTTP/1.1" 200 331
"GET /static/admin/img/icon-addlink.svg HTTP/1.1" 200 331
Not Found: /favicon.ico
"GET /favicon.ico HTTP/1.1" 404 7960
Internal Server Error: /admin/skill_swap/chatmessage/
Traceback (most recent call last):
  File "/home/tirth/TIrth/Projects/Skill_Swap/Skill-Swap_Access_Denied/venv/lib/python3.12/site-packages/django/db/backends/utils.py", line 105, in _execute
    return self.cursor.execute(sql, params)
           ^^^^^^^^^^^^^^^^^^^^^^^^^^^^^^^^
  File "/home/tirth/TIrth/Projects/Skill_Swap/Skill-Swap_Access_Denied/venv/lib/python3.12/site-packages/django/db/backends/sqlite3/base.py", line 360, in execute
    return super().execute(query, params)
           ^^^^^^^^^^^^^^^^^^^^^^^^^^^^^^
sqlite3.OperationalError: no such table: skill_swap_chatmessage

The above exception was the direct cause of the following exception:

Traceback (most recent call last):
  File "/home/tirth/TIrth/Projects/Skill_Swap/Skill-Swap_Access_Denied/venv/lib/python3.12/site-packages/django/core/handlers/exception.py", line 55, in inner
    response = get_response(request)
               ^^^^^^^^^^^^^^^^^^^^^
  File "/home/tirth/TIrth/Projects/Skill_Swap/Skill-Swap_Access_Denied/venv/lib/python3.12/site-packages/django/core/handlers/base.py", line 197, in _get_response
    response = wrapped_callback(request, *callback_args, **callback_kwargs)
               ^^^^^^^^^^^^^^^^^^^^^^^^^^^^^^^^^^^^^^^^^^^^^^^^^^^^^^^^^^^^
  File "/home/tirth/TIrth/Projects/Skill_Swap/Skill-Swap_Access_Denied/venv/lib/python3.12/site-packages/django/contrib/admin/options.py", line 719, in wrapper
    return self.admin_site.admin_view(view)(*args, **kwargs)
           ^^^^^^^^^^^^^^^^^^^^^^^^^^^^^^^^^^^^^^^^^^^^^^^^^
  File "/home/tirth/TIrth/Projects/Skill_Swap/Skill-Swap_Access_Denied/venv/lib/python3.12/site-packages/django/utils/decorators.py", line 192, in _view_wrapper
    result = _process_exception(request, e)
             ^^^^^^^^^^^^^^^^^^^^^^^^^^^^^^
  File "/home/tirth/TIrth/Projects/Skill_Swap/Skill-Swap_Access_Denied/venv/lib/python3.12/site-packages/django/utils/decorators.py", line 190, in _view_wrapper
    response = view_func(request, *args, **kwargs)
               ^^^^^^^^^^^^^^^^^^^^^^^^^^^^^^^^^^^
  File "/home/tirth/TIrth/Projects/Skill_Swap/Skill-Swap_Access_Denied/venv/lib/python3.12/site-packages/django/views/decorators/cache.py", line 80, in _view_wrapper
    response = view_func(request, *args, **kwargs)
               ^^^^^^^^^^^^^^^^^^^^^^^^^^^^^^^^^^^
  File "/home/tirth/TIrth/Projects/Skill_Swap/Skill-Swap_Access_Denied/venv/lib/python3.12/site-packages/django/contrib/admin/sites.py", line 246, in inner
    return view(request, *args, **kwargs)
           ^^^^^^^^^^^^^^^^^^^^^^^^^^^^^^
  File "/home/tirth/TIrth/Projects/Skill_Swap/Skill-Swap_Access_Denied/venv/lib/python3.12/site-packages/django/utils/decorators.py", line 48, in _wrapper
    return bound_method(*args, **kwargs)
           ^^^^^^^^^^^^^^^^^^^^^^^^^^^^^
  File "/home/tirth/TIrth/Projects/Skill_Swap/Skill-Swap_Access_Denied/venv/lib/python3.12/site-packages/django/utils/decorators.py", line 192, in _view_wrapper
    result = _process_exception(request, e)
             ^^^^^^^^^^^^^^^^^^^^^^^^^^^^^^
  File "/home/tirth/TIrth/Projects/Skill_Swap/Skill-Swap_Access_Denied/venv/lib/python3.12/site-packages/django/utils/decorators.py", line 190, in _view_wrapper
    response = view_func(request, *args, **kwargs)
               ^^^^^^^^^^^^^^^^^^^^^^^^^^^^^^^^^^^
  File "/home/tirth/TIrth/Projects/Skill_Swap/Skill-Swap_Access_Denied/venv/lib/python3.12/site-packages/django/contrib/admin/options.py", line 2024, in changelist_view
    cl = self.get_changelist_instance(request)
         ^^^^^^^^^^^^^^^^^^^^^^^^^^^^^^^^^^^^^
  File "/home/tirth/TIrth/Projects/Skill_Swap/Skill-Swap_Access_Denied/venv/lib/python3.12/site-packages/django/contrib/admin/options.py", line 867, in get_changelist_instance
    return ChangeList(
           ^^^^^^^^^^^
  File "/home/tirth/TIrth/Projects/Skill_Swap/Skill-Swap_Access_Denied/venv/lib/python3.12/site-packages/django/contrib/admin/views/main.py", line 146, in __init__
    self.get_results(request)
  File "/home/tirth/TIrth/Projects/Skill_Swap/Skill-Swap_Access_Denied/venv/lib/python3.12/site-packages/django/contrib/admin/views/main.py", line 313, in get_results
    result_count = paginator.count
                   ^^^^^^^^^^^^^^^
  File "/home/tirth/TIrth/Projects/Skill_Swap/Skill-Swap_Access_Denied/venv/lib/python3.12/site-packages/django/utils/functional.py", line 47, in __get__
    res = instance.__dict__[self.name] = self.func(instance)
                                         ^^^^^^^^^^^^^^^^^^^
  File "/home/tirth/TIrth/Projects/Skill_Swap/Skill-Swap_Access_Denied/venv/lib/python3.12/site-packages/django/core/paginator.py", line 110, in count
    return c()
           ^^^
  File "/home/tirth/TIrth/Projects/Skill_Swap/Skill-Swap_Access_Denied/venv/lib/python3.12/site-packages/django/db/models/query.py", line 604, in count
    return self.query.get_count(using=self.db)
           ^^^^^^^^^^^^^^^^^^^^^^^^^^^^^^^^^^^
  File "/home/tirth/TIrth/Projects/Skill_Swap/Skill-Swap_Access_Denied/venv/lib/python3.12/site-packages/django/db/models/sql/query.py", line 644, in get_count
    return obj.get_aggregation(using, {"__count": Count("*")})["__count"]
           ^^^^^^^^^^^^^^^^^^^^^^^^^^^^^^^^^^^^^^^^^^^^^^^^^^^
  File "/home/tirth/TIrth/Projects/Skill_Swap/Skill-Swap_Access_Denied/venv/lib/python3.12/site-packages/django/db/models/sql/query.py", line 626, in get_aggregation
    result = compiler.execute_sql(SINGLE)
             ^^^^^^^^^^^^^^^^^^^^^^^^^^^^
  File "/home/tirth/TIrth/Projects/Skill_Swap/Skill-Swap_Access_Denied/venv/lib/python3.12/site-packages/django/db/models/sql/compiler.py", line 1623, in execute_sql
    cursor.execute(sql, params)
  File "/home/tirth/TIrth/Projects/Skill_Swap/Skill-Swap_Access_Denied/venv/lib/python3.12/site-packages/django/db/backends/utils.py", line 122, in execute
    return super().execute(sql, params)
           ^^^^^^^^^^^^^^^^^^^^^^^^^^^^
  File "/home/tirth/TIrth/Projects/Skill_Swap/Skill-Swap_Access_Denied/venv/lib/python3.12/site-packages/django/db/backends/utils.py", line 79, in execute
    return self._execute_with_wrappers(
           ^^^^^^^^^^^^^^^^^^^^^^^^^^^^
  File "/home/tirth/TIrth/Projects/Skill_Swap/Skill-Swap_Access_Denied/venv/lib/python3.12/site-packages/django/db/backends/utils.py", line 92, in _execute_with_wrappers
    return executor(sql, params, many, context)
           ^^^^^^^^^^^^^^^^^^^^^^^^^^^^^^^^^^^^
  File "/home/tirth/TIrth/Projects/Skill_Swap/Skill-Swap_Access_Denied/venv/lib/python3.12/site-packages/django/db/backends/utils.py", line 100, in _execute
    with self.db.wrap_database_errors:
  File "/home/tirth/TIrth/Projects/Skill_Swap/Skill-Swap_Access_Denied/venv/lib/python3.12/site-packages/django/db/utils.py", line 91, in __exit__
    raise dj_exc_value.with_traceback(traceback) from exc_value
  File "/home/tirth/TIrth/Projects/Skill_Swap/Skill-Swap_Access_Denied/venv/lib/python3.12/site-packages/django/db/backends/utils.py", line 105, in _execute
    return self.cursor.execute(sql, params)
           ^^^^^^^^^^^^^^^^^^^^^^^^^^^^^^^^
  File "/home/tirth/TIrth/Projects/Skill_Swap/Skill-Swap_Access_Denied/venv/lib/python3.12/site-packages/django/db/backends/sqlite3/base.py", line 360, in execute
    return super().execute(query, params)
           ^^^^^^^^^^^^^^^^^^^^^^^^^^^^^^
django.db.utils.OperationalError: no such table: skill_swap_chatmessage
"GET /admin/skill_swap/chatmessage/ HTTP/1.1" 500 204474
"GET /admin/skill_swap/user/ HTTP/1.1" 200 15189
/home/tirth/TIrth/Projects/Skill_Swap/new/Skill-Swap_Access_Denied/skillswap_backend/skill_swap/views.py changed, reloading.
Watching for file changes with StatReloader
/home/tirth/TIrth/Projects/Skill_Swap/new/Skill-Swap_Access_Denied/skillswap_backend/skill_swap/views.py changed, reloading.
Watching for file changes with StatReloader
/home/tirth/TIrth/Projects/Skill_Swap/new/Skill-Swap_Access_Denied/skillswap_backend/skill_swap/views.py changed, reloading.
Watching for file changes with StatReloader
Watching for file changes with StatReloader
"GET /admin/skill_swap/user/ HTTP/1.1" 302 0
"GET /admin/login/?next=/admin/skill_swap/user/ HTTP/1.1" 200 4205
"GET /static/admin/css/dark_mode.css HTTP/1.1" 200 2808
"GET /static/admin/css/base.css HTTP/1.1" 200 22120
"GET /static/admin/css/nav_sidebar.css HTTP/1.1" 200 2810
"GET /static/admin/js/theme.js HTTP/1.1" 200 1653
"GET /static/admin/css/responsive.css HTTP/1.1" 200 16565
"GET /static/admin/css/login.css HTTP/1.1" 200 951
"GET /static/admin/js/nav_sidebar.js HTTP/1.1" 200 3063
Not Found: /favicon.ico
"GET /favicon.ico HTTP/1.1" 404 7960
"POST /admin/login/?next=/admin/skill_swap/user/ HTTP/1.1" 302 0
"GET /admin/skill_swap/user/ HTTP/1.1" 200 15189
"GET /admin/jsi18n/ HTTP/1.1" 200 3342
"GET /admin/skill_swap/learningmaterial/ HTTP/1.1" 200 13931
"GET /admin/jsi18n/ HTTP/1.1" 200 3342
"GET /admin/skill_swap/notification/ HTTP/1.1" 200 13898
"GET /admin/jsi18n/ HTTP/1.1" 200 3342
"GET /admin/skill_swap/adminmessage/ HTTP/1.1" 200 13903
"GET /admin/jsi18n/ HTTP/1.1" 200 3342
"GET /admin/skill_swap/chatmessage/ HTTP/1.1" 200 13896
"GET /admin/jsi18n/ HTTP/1.1" 200 3342
"GET /admin/skill_swap/meeting/ HTTP/1.1" 200 13863
"GET /admin/jsi18n/ HTTP/1.1" 200 3342
"GET /admin/skill_swap/user/ HTTP/1.1" 200 15189
"GET /admin/jsi18n/ HTTP/1.1" 200 3342
"GET /admin/skill_swap/userskill/ HTTP/1.1" 200 13882
"GET /admin/jsi18n/ HTTP/1.1" 200 3342
Watching for file changes with StatReloader
"GET /admin/skill_swap/userskill/ HTTP/1.1" 200 13882
"GET /static/admin/css/base.css HTTP/1.1" 200 22120
"GET /static/admin/css/nav_sidebar.css HTTP/1.1" 200 2810
"GET /static/admin/css/dark_mode.css HTTP/1.1" 200 2808
"GET /static/admin/css/changelists.css HTTP/1.1" 200 6878
"GET /static/admin/js/theme.js HTTP/1.1" 200 1653
"GET /static/admin/css/responsive.css HTTP/1.1" 200 16565
"GET /static/admin/js/core.js HTTP/1.1" 200 6208
"GET /static/admin/js/jquery.init.js HTTP/1.1" 200 347
"GET /static/admin/js/admin/RelatedObjectLookups.js HTTP/1.1" 200 9777
"GET /admin/jsi18n/ HTTP/1.1" 200 3342
"GET /static/admin/js/vendor/jquery/jquery.js HTTP/1.1" 200 285314
"GET /static/admin/js/actions.js HTTP/1.1" 200 8076
"GET /static/admin/js/prepopulate.js HTTP/1.1" 200 1531
"GET /static/admin/js/urlify.js HTTP/1.1" 200 7887
"GET /static/admin/js/vendor/xregexp/xregexp.js HTTP/1.1" 200 325171
"GET /static/admin/js/filters.js HTTP/1.1" 200 978
"GET /static/admin/js/nav_sidebar.js HTTP/1.1" 200 3063
"GET /static/admin/img/icon-addlink.svg HTTP/1.1" 200 331
"GET /static/admin/img/tooltag-add.svg HTTP/1.1" 200 331
Not Found: /favicon.ico
"GET /favicon.ico HTTP/1.1" 404 7960
"GET /admin/skill_swap/adminmessage/ HTTP/1.1" 200 13903
"GET /admin/jsi18n/ HTTP/1.1" 200 3342
"GET /admin/skill_swap/chatmessage/ HTTP/1.1" 200 13896
"GET /admin/jsi18n/ HTTP/1.1" 200 3342
"GET /admin/skill_swap/adminmessage/ HTTP/1.1" 200 13903
"GET /admin/jsi18n/ HTTP/1.1" 200 3342
"GET /admin/skill_swap/adminmessage/add/ HTTP/1.1" 200 17571
"GET /static/admin/css/forms.css HTTP/1.1" 200 8525
"GET /static/admin/js/prepopulate_init.js HTTP/1.1" 200 586
"GET /admin/jsi18n/ HTTP/1.1" 200 3342
"GET /static/admin/img/icon-changelink.svg HTTP/1.1" 304 0
"GET /static/admin/img/icon-viewlink.svg HTTP/1.1" 200 581
"GET /static/admin/css/widgets.css HTTP/1.1" 200 11991
"GET /static/admin/js/change_form.js HTTP/1.1" 200 606
"POST /admin/skill_swap/adminmessage/add/ HTTP/1.1" 302 0
"GET /admin/skill_swap/adminmessage/ HTTP/1.1" 200 15516
"GET /admin/jsi18n/ HTTP/1.1" 200 3342
"GET /static/admin/img/icon-yes.svg HTTP/1.1" 200 436
